[2026-04-18 15:24:29] CRITICAL: DECOY TAMPERING on 'Production_Users.db'. Restored from 'Production_Users.db.20260418_152426_878248'. AUTOMATIC ROLLBACK SUCCESSFUL.
[2026-04-18 15:24:31] CRITICAL: DECOY TAMPERING on 'Production_Users.db'. Restored from 'Production_Users.db.20260418_152429_461940'. AUTOMATIC ROLLBACK SUCCESSFUL.
[2026-04-18 15:24:34] CRITICAL: DECOY TAMPERING on 'Production_Users.db'. Restored from 'Production_Users.db.20260418_152429_461940'. AUTOMATIC ROLLBACK SUCCESSFUL.
[2026-04-18 15:24:37] CRITICAL: DECOY TAMPERING on 'Production_Users.db'. Restored from 'Production_Users.db.20260418_152434_819288'. AUTOMATIC ROLLBACK SUCCESSFUL.
[2026-04-18 15:24:40] CRITICAL: DECOY TAMPERING on 'Production_Users.db'. Restored from 'Production_Users.db.20260418_152434_819288'. AUTOMATIC ROLLBACK SUCCESSFUL.
[2026-04-18 15:24:42] CRITICAL: DECOY TAMPERING on 'Production_Users.db'. Restored from 'Production_Users.db.20260418_152440_129672'. AUTOMATIC ROLLBACK SUCCESSFUL.
[2026-04-18 15:24:45] CRITICAL: DECOY TAMPERING on 'Production_Users.db'. Restored from 'Production_Users.db.20260418_152442_720014'. AUTOMATIC ROLLBACK SUCCESSFUL.
[2026-04-18 15:24:47] CRITICAL: DECOY TAMPERING on 'Production_Users.db'. Restored from 'Production_Users.db.20260418_152442_720014'. AUTOMATIC ROLLBACK SUCCESSFUL.
[2026-04-18 15:24:50] CRITICAL: DECOY TAMPERING on 'Production_Users.db'. Restored from 'Production_Users.db.20260418_152448_090789'. AUTOMATIC ROLLBACK SUCCESSFUL.
[2026-04-18 15:24:53] CRITICAL: DECOY TAMPERING on 'Production_Users.db'. Restored from 'Production_Users.db.20260418_152448_090789'. AUTOMATIC ROLLBACK SUCCESSFUL.
[2026-04-18 15:24:55] CRITICAL: DECOY TAMPERING on 'Production_Users.db'. Restored from 'Production_Users.db.20260418_152453_441723'. AUTOMATIC ROLLBACK SUCCESSFUL.
[2026-04-18 15:24:58] CRITICAL: DECOY TAMPERING on 'Production_Users.db'. Restored from 'Production_Users.db.20260418_152456_034773'. AUTOMATIC ROLLBACK SUCCESSFUL.
[2026-04-18 15:25:01] CRITICAL: DECOY TAMPERING on 'Production_Users.db'. Restored from 'Production_Users.db.20260418_152456_034773'. AUTOMATIC ROLLBACK SUCCESSFUL.
[2026-04-18 15:25:03] CRITICAL: DECOY TAMPERING on 'Production_Users.db'. Restored from 'Production_Users.db.20260418_152501_328063'. AUTOMATIC ROLLBACK SUCCESSFUL.
[2026-04-18 15:25:06] CRITICAL: DECOY TAMPERING on 'Production_Users.db'. Restored from 'Production_Users.db.20260418_152501_328063'. AUTOMATIC ROLLBACK SUCCESSFUL.
[2026-04-18 15:25:09] CRITICAL: DECOY TAMPERING on 'Production_Users.db'. Restored from 'Production_Users.db.20260418_152506_677755'. AUTOMATIC ROLLBACK SUCCESSFUL.
[2026-04-18 15:25:11] CRITICAL: DECOY TAMPERING on 'Production_Users.db'. Restored from 'Production_Users.db.20260418_152506_677755'. AUTOMATIC ROLLBACK SUCCESSFUL.
[2026-04-18 15:25:14] CRITICAL: DECOY TAMPERING on 'Production_Users.db'. Restored from 'Production_Users.db.20260418_152511_993150'. AUTOMATIC ROLLBACK SUCCESSFUL.
[2026-04-18 15:25:17] CRITICAL: DECOY TAMPERING on 'Production_Users.db'. Restored from 'Production_Users.db.20260418_152514_589034'. AUTOMATIC ROLLBACK SUCCESSFUL.
[2026-04-18 15:25:19] CRITICAL: DECOY TAMPERING on 'Production_Users.db'. Restored from 'Production_Users.db.20260418_152514_589034'. AUTOMATIC ROLLBACK SUCCESSFUL.
[2026-04-18 15:25:22] CRITICAL: DECOY TAMPERING on 'Production_Users.db'. Restored from 'Production_Users.db.20260418_152520_186512'. AUTOMATIC ROLLBACK SUCCESSFUL.
[2026-04-18 15:25:25] CRITICAL: DECOY TAMPERING on 'Production_Users.db'. Restored from 'Production_Users.db.20260418_152520_186512'. AUTOMATIC ROLLBACK SUCCESSFUL.
[2026-04-18 15:25:28] CRITICAL: DECOY TAMPERING on 'Production_Users.db'. Restored from 'Production_Users.db.20260418_152525_489493'. AUTOMATIC ROLLBACK SUCCESSFUL.
[2026-04-18 15:25:30] CRITICAL: DECOY TAMPERING on 'Production_Users.db'. Restored from 'Production_Users.db.20260418_152528_104326'. AUTOMATIC ROLLBACK SUCCESSFUL.
[2026-04-18 15:25:33] CRITICAL: DECOY TAMPERING on 'Production_Users.db'. Restored from 'Production_Users.db.20260418_152528_104326'. AUTOMATIC ROLLBACK SUCCESSFUL.
[2026-04-18 15:25:36] CRITICAL: DECOY TAMPERING on 'Production_Users.db'. Restored from 'Production_Users.db.20260418_152533_481482'. AUTOMATIC ROLLBACK SUCCESSFUL.
[2026-04-18 15:25:38] CRITICAL: DECOY TAMPERING on 'Production_Users.db'. Restored from 'Production_Users.db.20260418_152533_481482'. AUTOMATIC ROLLBACK SUCCESSFUL.
[2026-04-18 15:25:41] CRITICAL: DECOY TAMPERING on 'Production_Users.db'. Restored from 'Production_Users.db.20260418_152538_805225'. AUTOMATIC ROLLBACK SUCCESSFUL.
[2026-04-18 15:25:43] CRITICAL: DECOY TAMPERING on 'Production_Users.db'. Restored from 'Production_Users.db.20260418_152541_397580'. AUTOMATIC ROLLBACK SUCCESSFUL.
[2026-04-18 15:25:46] CRITICAL: DECOY TAMPERING on 'Production_Users.db'. Restored from 'Production_Users.db.20260418_152541_397580'. AUTOMATIC ROLLBACK SUCCESSFUL.
[2026-04-18 15:25:49] CRITICAL: DECOY TAMPERING on 'Production_Users.db'. Restored from 'Production_Users.db.20260418_152546_722426'. AUTOMATIC ROLLBACK SUCCESSFUL.
[2026-04-18 15:25:51] CRITICAL: DECOY TAMPERING on 'Production_Users.db'. Restored from 'Production_Users.db.20260418_152546_722426'. AUTOMATIC ROLLBACK SUCCESSFUL.
[2026-04-18 15:25:54] CRITICAL: DECOY TAMPERING on 'Production_Users.db'. Restored from 'Production_Users.db.20260418_152552_084847'. AUTOMATIC ROLLBACK SUCCESSFUL.
[2026-04-18 15:25:57] CRITICAL: DECOY TAMPERING on 'Production_Users.db'. Restored from 'Production_Users.db.20260418_152552_084847'. AUTOMATIC ROLLBACK SUCCESSFUL.
[2026-04-18 15:25:59] CRITICAL: DECOY TAMPERING on 'Production_Users.db'. Restored from 'Production_Users.db.20260418_152557_426108'. AUTOMATIC ROLLBACK SUCCESSFUL.
[2026-04-18 15:26:02] CRITICAL: DECOY TAMPERING on 'Production_Users.db'. Restored from 'Production_Users.db.20260418_152557_426108'. AUTOMATIC ROLLBACK SUCCESSFUL.
[2026-04-18 15:26:05] CRITICAL: DECOY TAMPERING on 'Production_Users.db'. Restored from 'Production_Users.db.20260418_152602_796862'. AUTOMATIC ROLLBACK SUCCESSFUL.
[2026-04-18 15:26:08] CRITICAL: DECOY TAMPERING on 'Production_Users.db'. Restored from 'Production_Users.db.20260418_152602_796862'. AUTOMATIC ROLLBACK SUCCESSFUL.
[2026-04-18 15:26:10] CRITICAL: DECOY TAMPERING on 'Production_Users.db'. Restored from 'Production_Users.db.20260418_152608_137765'. AUTOMATIC ROLLBACK SUCCESSFUL.
[2026-04-18 15:26:13] CRITICAL: DECOY TAMPERING on 'Production_Users.db'. Restored from 'Production_Users.db.20260418_152610_739095'. AUTOMATIC ROLLBACK SUCCESSFUL.
[2026-04-18 15:26:15] CRITICAL: DECOY TAMPERING on 'Production_Users.db'. Restored from 'Production_Users.db.20260418_152610_739095'. AUTOMATIC ROLLBACK SUCCESSFUL.
[2026-04-18 15:26:18] CRITICAL: DECOY TAMPERING on 'Production_Users.db'. Restored from 'Production_Users.db.20260418_152616_035980'. AUTOMATIC ROLLBACK SUCCESSFUL.
[2026-04-18 15:26:21] CRITICAL: DECOY TAMPERING on 'Production_Users.db'. Restored from 'Production_Users.db.20260418_152616_035980'. AUTOMATIC ROLLBACK SUCCESSFUL.
[2026-04-18 15:26:23] CRITICAL: DECOY TAMPERING on 'Production_Users.db'. Restored from 'Production_Users.db.20260418_152621_402972'. AUTOMATIC ROLLBACK SUCCESSFUL.
[2026-04-18 15:26:26] CRITICAL: DECOY TAMPERING on 'Production_Users.db'. Restored from 'Production_Users.db.20260418_152621_402972'. AUTOMATIC ROLLBACK SUCCESSFUL.
[2026-04-18 15:26:29] CRITICAL: DECOY TAMPERING on 'Production_Users.db'. Restored from 'Production_Users.db.20260418_152626_700946'. AUTOMATIC ROLLBACK SUCCESSFUL.
[2026-04-18 15:26:31] CRITICAL: DECOY TAMPERING on 'Production_Users.db'. Restored from 'Production_Users.db.20260418_152626_700946'. AUTOMATIC ROLLBACK SUCCESSFUL.
[2026-04-18 15:26:34] CRITICAL: DECOY TAMPERING on 'Production_Users.db'. Restored from 'Production_Users.db.20260418_152632_012347'. AUTOMATIC ROLLBACK SUCCESSFUL.
[2026-04-18 15:26:37] CRITICAL: DECOY TAMPERING on 'Production_Users.db'. Restored from 'Production_Users.db.20260418_152632_012347'. AUTOMATIC ROLLBACK SUCCESSFUL.
[2026-04-18 15:26:39] CRITICAL: DECOY TAMPERING on 'Production_Users.db'. Restored from 'Production_Users.db.20260418_152637_397285'. AUTOMATIC ROLLBACK SUCCESSFUL.
[2026-04-18 15:26:42] CRITICAL: DECOY TAMPERING on 'Production_Users.db'. Restored from 'Production_Users.db.20260418_152637_397285'. AUTOMATIC ROLLBACK SUCCESSFUL.
[2026-04-18 15:26:45] CRITICAL: DECOY TAMPERING on 'Production_Users.db'. Restored from 'Production_Users.db.20260418_152642_704771'. AUTOMATIC ROLLBACK SUCCESSFUL.
[2026-04-18 15:26:47] CRITICAL: DECOY TAMPERING on 'Production_Users.db'. Restored from 'Production_Users.db.20260418_152645_301657'. AUTOMATIC ROLLBACK SUCCESSFUL.
[2026-04-18 15:26:50] CRITICAL: DECOY TAMPERING on 'Production_Users.db'. Restored from 'Production_Users.db.20260418_152645_301657'. AUTOMATIC ROLLBACK SUCCESSFUL.
[2026-04-18 15:26:53] CRITICAL: DECOY TAMPERING on 'Production_Users.db'. Restored from 'Production_Users.db.20260418_152650_668375'. AUTOMATIC ROLLBACK SUCCESSFUL.
[2026-04-18 15:26:55] CRITICAL: DECOY TAMPERING on 'Production_Users.db'. Restored from 'Production_Users.db.20260418_152650_668375'. AUTOMATIC ROLLBACK SUCCESSFUL.
[2026-04-18 15:26:58] CRITICAL: DECOY TAMPERING on 'Production_Users.db'. Restored from 'Production_Users.db.20260418_152655_970657'. AUTOMATIC ROLLBACK SUCCESSFUL.
[2026-04-18 15:27:01] CRITICAL: DECOY TAMPERING on 'Production_Users.db'. Restored from 'Production_Users.db.20260418_152658_566079'. AUTOMATIC ROLLBACK SUCCESSFUL.
[2026-04-18 15:27:03] CRITICAL: DECOY TAMPERING on 'Production_Users.db'. Restored from 'Production_Users.db.20260418_152658_566079'. AUTOMATIC ROLLBACK SUCCESSFUL.
[2026-04-18 15:27:06] CRITICAL: DECOY TAMPERING on 'Production_Users.db'. Restored from 'Production_Users.db.20260418_152703_894953'. AUTOMATIC ROLLBACK SUCCESSFUL.
[2026-04-18 15:27:08] CRITICAL: DECOY TAMPERING on 'Production_Users.db'. Restored from 'Production_Users.db.20260418_152706_479176'. AUTOMATIC ROLLBACK SUCCESSFUL.
[2026-04-18 15:27:11] CRITICAL: DECOY TAMPERING on 'Production_Users.db'. Restored from 'Production_Users.db.20260418_152706_479176'. AUTOMATIC ROLLBACK SUCCESSFUL.
[2026-04-18 15:27:14] CRITICAL: DECOY TAMPERING on 'Production_Users.db'. Restored from 'Production_Users.db.20260418_152711_851324'. AUTOMATIC ROLLBACK SUCCESSFUL.
[2026-04-18 15:27:17] CRITICAL: DECOY TAMPERING on 'Production_Users.db'. Restored from 'Production_Users.db.20260418_152711_851324'. AUTOMATIC ROLLBACK SUCCESSFUL.
[2026-04-18 15:27:19] CRITICAL: DECOY TAMPERING on 'Production_Users.db'. Restored from 'Production_Users.db.20260418_152717_171811'. AUTOMATIC ROLLBACK SUCCESSFUL.
[2026-04-18 15:27:22] CRITICAL: DECOY TAMPERING on 'Production_Users.db'. Restored from 'Production_Users.db.20260418_152719_767394'. AUTOMATIC ROLLBACK SUCCESSFUL.
[2026-04-18 15:27:25] CRITICAL: DECOY TAMPERING on 'Production_Users.db'. Restored from 'Production_Users.db.20260418_152719_767394'. AUTOMATIC ROLLBACK SUCCESSFUL.
[2026-04-18 15:27:27] CRITICAL: DECOY TAMPERING on 'Production_Users.db'. Restored from 'Production_Users.db.20260418_152725_163612'. AUTOMATIC ROLLBACK SUCCESSFUL.
[2026-04-18 15:27:30] CRITICAL: DECOY TAMPERING on 'Production_Users.db'. Restored from 'Production_Users.db.20260418_152725_163612'. AUTOMATIC ROLLBACK SUCCESSFUL.
[2026-04-18 15:27:33] CRITICAL: DECOY TAMPERING on 'Production_Users.db'. Restored from 'Production_Users.db.20260418_152730_511609'. AUTOMATIC ROLLBACK SUCCESSFUL.
[2026-04-18 15:27:35] CRITICAL: DECOY TAMPERING on 'Production_Users.db'. Restored from 'Production_Users.db.20260418_152733_111917'. AUTOMATIC ROLLBACK SUCCESSFUL.
[2026-04-18 15:27:38] CRITICAL: DECOY TAMPERING on 'Production_Users.db'. Restored from 'Production_Users.db.20260418_152733_111917'. AUTOMATIC ROLLBACK SUCCESSFUL.
[2026-04-18 15:27:40] CRITICAL: DECOY TAMPERING on 'Production_Users.db'. Restored from 'Production_Users.db.20260418_152738_444744'. AUTOMATIC ROLLBACK SUCCESSFUL.
[2026-04-18 15:27:43] CRITICAL: DECOY TAMPERING on 'Production_Users.db'. Restored from 'Production_Users.db.20260418_152738_444744'. AUTOMATIC ROLLBACK SUCCESSFUL.
[2026-04-18 15:27:46] CRITICAL: DECOY TAMPERING on 'Production_Users.db'. Restored from 'Production_Users.db.20260418_152743_812257'. AUTOMATIC ROLLBACK SUCCESSFUL.
[2026-04-18 15:27:49] CRITICAL: DECOY TAMPERING on 'Production_Users.db'. Restored from 'Production_Users.db.20260418_152743_812257'. AUTOMATIC ROLLBACK SUCCESSFUL.
[2026-04-18 15:27:51] CRITICAL: DECOY TAMPERING on 'Production_Users.db'. Restored from 'Production_Users.db.20260418_152749_126803'. AUTOMATIC ROLLBACK SUCCESSFUL.
[2026-04-18 15:27:54] CRITICAL: DECOY TAMPERING on 'Production_Users.db'. Restored from 'Production_Users.db.20260418_152751_728128'. AUTOMATIC ROLLBACK SUCCESSFUL.
[2026-04-18 15:27:57] CRITICAL: DECOY TAMPERING on 'Production_Users.db'. Restored from 'Production_Users.db.20260418_152751_728128'. AUTOMATIC ROLLBACK SUCCESSFUL.
[2026-04-18 15:27:59] CRITICAL: DECOY TAMPERING on 'Production_Users.db'. Restored from 'Production_Users.db.20260418_152757_111785'. AUTOMATIC ROLLBACK SUCCESSFUL.
[2026-04-18 15:28:02] CRITICAL: DECOY TAMPERING on 'Production_Users.db'. Restored from 'Production_Users.db.20260418_152757_111785'. AUTOMATIC ROLLBACK SUCCESSFUL.
[2026-04-18 15:28:04] CRITICAL: DECOY TAMPERING on 'Production_Users.db'. Restored from 'Production_Users.db.20260418_152802_417270'. AUTOMATIC ROLLBACK SUCCESSFUL.
[2026-04-18 15:28:07] CRITICAL: DECOY TAMPERING on 'Production_Users.db'. Restored from 'Production_Users.db.20260418_152802_417270'. AUTOMATIC ROLLBACK SUCCESSFUL.
[2026-04-18 15:28:10] CRITICAL: DECOY TAMPERING on 'Production_Users.db'. Restored from 'Production_Users.db.20260418_152807_736875'. AUTOMATIC ROLLBACK SUCCESSFUL.
[2026-04-18 15:28:13] CRITICAL: DECOY TAMPERING on 'Production_Users.db'. Restored from 'Production_Users.db.20260418_152807_736875'. AUTOMATIC ROLLBACK SUCCESSFUL.
[2026-04-18 15:28:15] CRITICAL: DECOY TAMPERING on 'Production_Users.db'. Restored from 'Production_Users.db.20260418_152813_147688'. AUTOMATIC ROLLBACK SUCCESSFUL.
[2026-04-18 15:28:18] CRITICAL: DECOY TAMPERING on 'Production_Users.db'. Restored from 'Production_Users.db.20260418_152813_147688'. AUTOMATIC ROLLBACK SUCCESSFUL.
[2026-04-18 15:28:21] CRITICAL: DECOY TAMPERING on 'Production_Users.db'. Restored from 'Production_Users.db.20260418_152818_555102'. AUTOMATIC ROLLBACK SUCCESSFUL.
[2026-04-18 15:28:23] CRITICAL: DECOY TAMPERING on 'Production_Users.db'. Restored from 'Production_Users.db.20260418_152821_161580'. AUTOMATIC ROLLBACK SUCCESSFUL.
[2026-04-18 15:28:26] CRITICAL: DECOY TAMPERING on 'Production_Users.db'. Restored from 'Production_Users.db.20260418_152821_161580'. AUTOMATIC ROLLBACK SUCCESSFUL.
[2026-04-18 15:28:29] CRITICAL: DECOY TAMPERING on 'Production_Users.db'. Restored from 'Production_Users.db.20260418_152826_595305'. AUTOMATIC ROLLBACK SUCCESSFUL.
[2026-04-18 15:28:31] CRITICAL: DECOY TAMPERING on 'Production_Users.db'. Restored from 'Production_Users.db.20260418_152826_595305'. AUTOMATIC ROLLBACK SUCCESSFUL.
[2026-04-18 15:28:34] CRITICAL: DECOY TAMPERING on 'Production_Users.db'. Restored from 'Production_Users.db.20260418_152831_942020'. AUTOMATIC ROLLBACK SUCCESSFUL.
[2026-04-18 15:28:37] CRITICAL: DECOY TAMPERING on 'Production_Users.db'. Restored from 'Production_Users.db.20260418_152834_538888'. AUTOMATIC ROLLBACK SUCCESSFUL.
[2026-04-18 15:28:39] CRITICAL: DECOY TAMPERING on 'Production_Users.db'. Restored from 'Production_Users.db.20260418_152834_538888'. AUTOMATIC ROLLBACK SUCCESSFUL.
[2026-04-18 15:28:42] CRITICAL: DECOY TAMPERING on 'Production_Users.db'. Restored from 'Production_Users.db.20260418_152839_991497'. AUTOMATIC ROLLBACK SUCCESSFUL.
[2026-04-18 15:28:45] CRITICAL: DECOY TAMPERING on 'Production_Users.db'. Restored from 'Production_Users.db.20260418_152839_991497'. AUTOMATIC ROLLBACK SUCCESSFUL.
[2026-04-18 15:28:47] CRITICAL: DECOY TAMPERING on 'Production_Users.db'. Restored from 'Production_Users.db.20260418_152845_346794'. AUTOMATIC ROLLBACK SUCCESSFUL.
[2026-04-18 15:28:50] CRITICAL: DECOY TAMPERING on 'Production_Users.db'. Restored from 'Production_Users.db.20260418_152848_002459'. AUTOMATIC ROLLBACK SUCCESSFUL.
[2026-04-18 15:28:53] CRITICAL: DECOY TAMPERING on 'Production_Users.db'. Restored from 'Production_Users.db.20260418_152848_002459'. AUTOMATIC ROLLBACK SUCCESSFUL.
[2026-04-18 15:28:56] CRITICAL: DECOY TAMPERING on 'Production_Users.db'. Restored from 'Production_Users.db.20260418_152853_568866'. AUTOMATIC ROLLBACK SUCCESSFUL.
[2026-04-18 15:28:58] CRITICAL: DECOY TAMPERING on 'Production_Users.db'. Restored from 'Production_Users.db.20260418_152853_568866'. AUTOMATIC ROLLBACK SUCCESSFUL.
[2026-04-18 15:29:01] CRITICAL: DECOY TAMPERING on 'Production_Users.db'. Restored from 'Production_Users.db.20260418_152858_927862'. AUTOMATIC ROLLBACK SUCCESSFUL.
[2026-04-18 15:29:04] CRITICAL: DECOY TAMPERING on 'Production_Users.db'. Restored from 'Production_Users.db.20260418_152901_534001'. AUTOMATIC ROLLBACK SUCCESSFUL.
[2026-04-18 15:29:06] CRITICAL: DECOY TAMPERING on 'Production_Users.db'. Restored from 'Production_Users.db.20260418_152901_534001'. AUTOMATIC ROLLBACK SUCCESSFUL.
[2026-04-18 15:29:09] CRITICAL: DECOY TAMPERING on 'Production_Users.db'. Restored from 'Production_Users.db.20260418_152906_904533'. AUTOMATIC ROLLBACK SUCCESSFUL.
[2026-04-18 15:29:12] CRITICAL: DECOY TAMPERING on 'Production_Users.db'. Restored from 'Production_Users.db.20260418_152909_500373'. AUTOMATIC ROLLBACK SUCCESSFUL.
[2026-04-18 15:29:14] CRITICAL: DECOY TAMPERING on 'Production_Users.db'. Restored from 'Production_Users.db.20260418_152909_500373'. AUTOMATIC ROLLBACK SUCCESSFUL.
[2026-04-18 15:29:17] CRITICAL: DECOY TAMPERING on 'Production_Users.db'. Restored from 'Production_Users.db.20260418_152914_833084'. AUTOMATIC ROLLBACK SUCCESSFUL.
[2026-04-18 15:29:20] CRITICAL: DECOY TAMPERING on 'Finance_Report_Q3.xlsx'. Restored from 'Finance_Report_Q3.xlsx.20260418_150759_954340'. AUTOMATIC ROLLBACK SUCCESSFUL.
[2026-04-18 15:29:22] CRITICAL: DECOY TAMPERING on 'Finance_Report_Q3.xlsx'. Restored from 'Finance_Report_Q3.xlsx.20260418_152920_165726'. AUTOMATIC ROLLBACK SUCCESSFUL.
[2026-04-18 15:29:25] CRITICAL: DECOY TAMPERING on 'Production_Users.db'. Restored from 'Production_Users.db.20260418_152922_771798'. AUTOMATIC ROLLBACK SUCCESSFUL.
[2026-04-18 15:29:27] CRITICAL: DECOY TAMPERING on 'Finance_Report_Q3.xlsx'. Restored from 'Finance_Report_Q3.xlsx.20260418_152925_359449'. AUTOMATIC ROLLBACK SUCCESSFUL.
[2026-04-18 15:29:30] CRITICAL: DECOY TAMPERING on 'Finance_Report_Q3.xlsx'. Restored from 'Finance_Report_Q3.xlsx.20260418_152925_359449'. AUTOMATIC ROLLBACK SUCCESSFUL.
[2026-04-18 15:29:33] CRITICAL: DECOY TAMPERING on 'Finance_Report_Q3.xlsx'. Restored from 'Finance_Report_Q3.xlsx.20260418_152930_746603'. AUTOMATIC ROLLBACK SUCCESSFUL.
[2026-04-18 15:29:35] CRITICAL: DECOY TAMPERING on 'Finance_Report_Q3.xlsx'. Restored from 'Finance_Report_Q3.xlsx.20260418_152930_746603'. AUTOMATIC ROLLBACK SUCCESSFUL.
[2026-04-18 15:29:38] CRITICAL: DECOY TAMPERING on 'Finance_Report_Q3.xlsx'. Restored from 'Finance_Report_Q3.xlsx.20260418_152936_135183'. AUTOMATIC ROLLBACK SUCCESSFUL.
[2026-04-18 15:29:41] CRITICAL: DECOY TAMPERING on 'Finance_Report_Q3.xlsx'. Restored from 'Finance_Report_Q3.xlsx.20260418_152938_730296'. AUTOMATIC ROLLBACK SUCCESSFUL.
[2026-04-18 15:29:43] CRITICAL: DECOY TAMPERING on 'Finance_Report_Q3.xlsx'. Restored from 'Finance_Report_Q3.xlsx.20260418_152938_730296'. AUTOMATIC ROLLBACK SUCCESSFUL.
[2026-04-18 15:29:46] CRITICAL: DECOY TAMPERING on 'Finance_Report_Q3.xlsx'. Restored from 'Finance_Report_Q3.xlsx.20260418_152944_074068'. AUTOMATIC ROLLBACK SUCCESSFUL.
[2026-04-18 15:29:49] CRITICAL: DECOY TAMPERING on 'Finance_Report_Q3.xlsx'. Restored from 'Finance_Report_Q3.xlsx.20260418_152946_676077'. AUTOMATIC ROLLBACK SUCCESSFUL.
[2026-04-18 15:29:51] CRITICAL: DECOY TAMPERING on 'Finance_Report_Q3.xlsx'. Restored from 'Finance_Report_Q3.xlsx.20260418_152946_676077'. AUTOMATIC ROLLBACK SUCCESSFUL.
[2026-04-18 15:29:54] CRITICAL: DECOY TAMPERING on 'Finance_Report_Q3.xlsx'. Restored from 'Finance_Report_Q3.xlsx.20260418_152952_065519'. AUTOMATIC ROLLBACK SUCCESSFUL.
[2026-04-18 15:29:57] CRITICAL: DECOY TAMPERING on 'Production_Users.db'. Restored from 'Production_Users.db.20260418_152922_771798'. AUTOMATIC ROLLBACK SUCCESSFUL.
[2026-04-18 15:29:59] CRITICAL: DECOY TAMPERING on 'Production_Users.db'. Restored from 'Production_Users.db.20260418_152957_464519'. AUTOMATIC ROLLBACK SUCCESSFUL.
[2026-04-18 15:30:02] CRITICAL: DECOY TAMPERING on 'Finance_Report_Q3.xlsx'. Restored from 'Finance_Report_Q3.xlsx.20260418_153000_063275'. AUTOMATIC ROLLBACK SUCCESSFUL.
[2026-04-18 15:30:05] CRITICAL: DECOY TAMPERING on 'Production_Users.db'. Restored from 'Production_Users.db.20260418_152957_464519'. AUTOMATIC ROLLBACK SUCCESSFUL.
[2026-04-18 15:30:07] CRITICAL: DECOY TAMPERING on 'Production_Users.db'. Restored from 'Production_Users.db.20260418_153005_428914'. AUTOMATIC ROLLBACK SUCCESSFUL.
[2026-04-18 15:30:10] CRITICAL: DECOY TAMPERING on 'Finance_Report_Q3.xlsx'. Restored from 'Finance_Report_Q3.xlsx.20260418_153000_063275'. AUTOMATIC ROLLBACK SUCCESSFUL.
[2026-04-18 15:30:13] CRITICAL: DECOY TAMPERING on 'Finance_Report_Q3.xlsx'. Restored from 'Finance_Report_Q3.xlsx.20260418_153010_745261'. AUTOMATIC ROLLBACK SUCCESSFUL.
[2026-04-18 15:30:15] CRITICAL: DECOY TAMPERING on 'Production_Users.db'. Restored from 'Production_Users.db.20260418_153013_333329'. AUTOMATIC ROLLBACK SUCCESSFUL.
[2026-04-18 15:30:18] CRITICAL: DECOY TAMPERING on 'Finance_Report_Q3.xlsx'. Restored from 'Finance_Report_Q3.xlsx.20260418_153010_745261'. AUTOMATIC ROLLBACK SUCCESSFUL.
[2026-04-18 15:30:21] CRITICAL: DECOY TAMPERING on 'Finance_Report_Q3.xlsx'. Restored from 'Finance_Report_Q3.xlsx.20260418_153018_628102'. AUTOMATIC ROLLBACK SUCCESSFUL.
[2026-04-18 15:30:23] CRITICAL: DECOY TAMPERING on 'Finance_Report_Q3.xlsx'. Restored from 'Finance_Report_Q3.xlsx.20260418_153021_246759'. AUTOMATIC ROLLBACK SUCCESSFUL.
[2026-04-18 15:30:26] CRITICAL: DECOY TAMPERING on 'Finance_Report_Q3.xlsx'. Restored from 'Finance_Report_Q3.xlsx.20260418_153021_246759'. AUTOMATIC ROLLBACK SUCCESSFUL.
[2026-04-18 15:30:29] CRITICAL: DECOY TAMPERING on 'Finance_Report_Q3.xlsx'. Restored from 'Finance_Report_Q3.xlsx.20260418_153026_613786'. AUTOMATIC ROLLBACK SUCCESSFUL.
[2026-04-18 15:30:31] CRITICAL: DECOY TAMPERING on 'Finance_Report_Q3.xlsx'. Restored from 'Finance_Report_Q3.xlsx.20260418_153026_613786'. AUTOMATIC ROLLBACK SUCCESSFUL.
[2026-04-18 15:30:34] CRITICAL: DECOY TAMPERING on 'Finance_Report_Q3.xlsx'. Restored from 'Finance_Report_Q3.xlsx.20260418_153031_956602'. AUTOMATIC ROLLBACK SUCCESSFUL.
[2026-04-18 15:30:37] CRITICAL: DECOY TAMPERING on 'Finance_Report_Q3.xlsx'. Restored from 'Finance_Report_Q3.xlsx.20260418_153034_570692'. AUTOMATIC ROLLBACK SUCCESSFUL.
[2026-04-18 15:30:39] CRITICAL: DECOY TAMPERING on 'Production_Users.db'. Restored from 'Production_Users.db.20260418_153013_333329'. AUTOMATIC ROLLBACK SUCCESSFUL.
[2026-04-18 15:30:42] CRITICAL: DECOY TAMPERING on 'Production_Users.db'. Restored from 'Production_Users.db.20260418_153039_909747'. AUTOMATIC ROLLBACK SUCCESSFUL.
[2026-04-18 15:30:45] CRITICAL: DECOY TAMPERING on 'Client_Records.csv'. Restored from 'Client_Records.csv.20260418_150850_007495'. AUTOMATIC ROLLBACK SUCCESSFUL.
[2026-04-18 15:30:47] CRITICAL: DECOY TAMPERING on 'Client_Records.csv'. Restored from 'Client_Records.csv.20260418_153045_219091'. AUTOMATIC ROLLBACK SUCCESSFUL.
[2026-04-18 15:30:50] CRITICAL: DECOY TAMPERING on 'Production_Users.db'. Restored from 'Production_Users.db.20260418_153047_808151'. AUTOMATIC ROLLBACK SUCCESSFUL.
[2026-04-18 15:30:52] CRITICAL: DECOY TAMPERING on 'Client_Records.csv'. Restored from 'Client_Records.csv.20260418_153050_475431'. AUTOMATIC ROLLBACK SUCCESSFUL.
[2026-04-18 15:30:55] CRITICAL: DECOY TAMPERING on 'Client_Records.csv'. Restored from 'Client_Records.csv.20260418_153050_475431'. AUTOMATIC ROLLBACK SUCCESSFUL.
[2026-04-18 15:30:58] CRITICAL: DECOY TAMPERING on 'Client_Records.csv'. Restored from 'Client_Records.csv.20260418_153055_780681'. AUTOMATIC ROLLBACK SUCCESSFUL.
[2026-04-18 15:31:00] CRITICAL: DECOY TAMPERING on 'Finance_Report_Q3.xlsx'. Restored from 'Finance_Report_Q3.xlsx.20260418_153034_570692'. AUTOMATIC ROLLBACK SUCCESSFUL.
[2026-04-18 15:31:03] CRITICAL: DECOY TAMPERING on 'Finance_Report_Q3.xlsx'. Restored from 'Finance_Report_Q3.xlsx.20260418_153101_096612'. AUTOMATIC ROLLBACK SUCCESSFUL.
[2026-04-18 15:31:06] CRITICAL: DECOY TAMPERING on 'Client_Records.csv'. Restored from 'Client_Records.csv.20260418_153103_675302'. AUTOMATIC ROLLBACK SUCCESSFUL.
[2026-04-18 15:31:08] CRITICAL: DECOY TAMPERING on 'Client_Records.csv'. Restored from 'Client_Records.csv.20260418_153103_675302'. AUTOMATIC ROLLBACK SUCCESSFUL.
[2026-04-18 15:31:11] CRITICAL: DECOY TAMPERING on 'Client_Records.csv'. Restored from 'Client_Records.csv.20260418_153108_939353'. AUTOMATIC ROLLBACK SUCCESSFUL.
[2026-04-18 15:31:14] CRITICAL: DECOY TAMPERING on 'Client_Records.csv'. Restored from 'Client_Records.csv.20260418_153111_524769'. AUTOMATIC ROLLBACK SUCCESSFUL.
[2026-04-18 15:31:16] CRITICAL: DECOY TAMPERING on 'Finance_Report_Q3.xlsx'. Restored from 'Finance_Report_Q3.xlsx.20260418_153114_119104'. AUTOMATIC ROLLBACK SUCCESSFUL.
[2026-04-18 15:31:19] CRITICAL: DECOY TAMPERING on 'Client_Records.csv'. Restored from 'Client_Records.csv.20260418_153111_524769'. AUTOMATIC ROLLBACK SUCCESSFUL.
[2026-04-18 15:31:22] CRITICAL: DECOY TAMPERING on 'Client_Records.csv'. Restored from 'Client_Records.csv.20260418_153119_502851'. AUTOMATIC ROLLBACK SUCCESSFUL.
[2026-04-18 15:31:24] CRITICAL: DECOY TAMPERING on 'Client_Records.csv'. Restored from 'Client_Records.csv.20260418_153119_502851'. AUTOMATIC ROLLBACK SUCCESSFUL.
[2026-04-18 15:31:27] CRITICAL: DECOY TAMPERING on 'Client_Records.csv'. Restored from 'Client_Records.csv.20260418_153124_814507'. AUTOMATIC ROLLBACK SUCCESSFUL.
[2026-04-18 15:31:29] CRITICAL: DECOY TAMPERING on 'Client_Records.csv'. Restored from 'Client_Records.csv.20260418_153127_403986'. AUTOMATIC ROLLBACK SUCCESSFUL.
[2026-04-18 15:31:32] CRITICAL: DECOY TAMPERING on 'Client_Records.csv'. Restored from 'Client_Records.csv.20260418_153127_403986'. AUTOMATIC ROLLBACK SUCCESSFUL.
[2026-04-18 15:31:35] CRITICAL: DECOY TAMPERING on 'Client_Records.csv'. Restored from 'Client_Records.csv.20260418_153132_734460'. AUTOMATIC ROLLBACK SUCCESSFUL.
[2026-04-18 15:31:37] CRITICAL: DECOY TAMPERING on 'Client_Records.csv'. Restored from 'Client_Records.csv.20260418_153135_338163'. AUTOMATIC ROLLBACK SUCCESSFUL.
[2026-04-18 15:31:40] CRITICAL: DECOY TAMPERING on 'Client_Records.csv'. Restored from 'Client_Records.csv.20260418_153135_338163'. AUTOMATIC ROLLBACK SUCCESSFUL.
[2026-04-18 15:31:43] CRITICAL: DECOY TAMPERING on 'Client_Records.csv'. Restored from 'Client_Records.csv.20260418_153140_675885'. AUTOMATIC ROLLBACK SUCCESSFUL.
[2026-04-18 15:31:45] CRITICAL: DECOY TAMPERING on 'API_Keys_Internal.json'. Restored from 'API_Keys_Internal.json.20260418_150932_257648'. AUTOMATIC ROLLBACK SUCCESSFUL.
[2026-04-18 15:31:48] CRITICAL: DECOY TAMPERING on 'API_Keys_Internal.json'. Restored from 'API_Keys_Internal.json.20260418_153145_987236'. AUTOMATIC ROLLBACK SUCCESSFUL.
[2026-04-18 15:31:51] CRITICAL: DECOY TAMPERING on 'Client_Records.csv'. Restored from 'Client_Records.csv.20260418_153148_578295'. AUTOMATIC ROLLBACK SUCCESSFUL.
[2026-04-18 15:31:53] CRITICAL: DECOY TAMPERING on 'API_Keys_Internal.json'. Restored from 'API_Keys_Internal.json.20260418_153151_166366'. AUTOMATIC ROLLBACK SUCCESSFUL.
[2026-04-18 15:31:56] CRITICAL: DECOY TAMPERING on 'API_Keys_Internal.json'. Restored from 'API_Keys_Internal.json.20260418_153151_166366'. AUTOMATIC ROLLBACK SUCCESSFUL.
[2026-04-18 15:31:59] CRITICAL: DECOY TAMPERING on 'API_Keys_Internal.json'. Restored from 'API_Keys_Internal.json.20260418_153156_529940'. AUTOMATIC ROLLBACK SUCCESSFUL.
[2026-04-18 15:32:01] CRITICAL: DECOY TAMPERING on 'API_Keys_Internal.json'. Restored from 'API_Keys_Internal.json.20260418_153156_529940'. AUTOMATIC ROLLBACK SUCCESSFUL.
[2026-04-18 15:32:04] CRITICAL: DECOY TAMPERING on 'API_Keys_Internal.json'. Restored from 'API_Keys_Internal.json.20260418_153201_811891'. AUTOMATIC ROLLBACK SUCCESSFUL.
[2026-04-18 15:32:06] CRITICAL: DECOY TAMPERING on 'API_Keys_Internal.json'. Restored from 'API_Keys_Internal.json.20260418_153204_392403'. AUTOMATIC ROLLBACK SUCCESSFUL.
[2026-04-18 15:32:09] CRITICAL: DECOY TAMPERING on 'API_Keys_Internal.json'. Restored from 'API_Keys_Internal.json.20260418_153204_392403'. AUTOMATIC ROLLBACK SUCCESSFUL.
[2026-04-18 15:32:12] CRITICAL: DECOY TAMPERING on 'API_Keys_Internal.json'. Restored from 'API_Keys_Internal.json.20260418_153209_767878'. AUTOMATIC ROLLBACK SUCCESSFUL.
[2026-04-18 15:32:14] CRITICAL: DECOY TAMPERING on 'Client_Records.csv'. Restored from 'Client_Records.csv.20260418_153148_578295'. AUTOMATIC ROLLBACK SUCCESSFUL.
[2026-04-18 15:32:17] CRITICAL: DECOY TAMPERING on 'Client_Records.csv'. Restored from 'Client_Records.csv.20260418_153215_054200'. AUTOMATIC ROLLBACK SUCCESSFUL.
[2026-04-18 15:32:20] CRITICAL: DECOY TAMPERING on 'API_Keys_Internal.json'. Restored from 'API_Keys_Internal.json.20260418_153217_646982'. AUTOMATIC ROLLBACK SUCCESSFUL.
[2026-04-18 15:32:22] CRITICAL: DECOY TAMPERING on 'Client_Records.csv'. Restored from 'Client_Records.csv.20260418_153220_242542'. AUTOMATIC ROLLBACK SUCCESSFUL.
[2026-04-18 15:32:25] CRITICAL: DECOY TAMPERING on 'API_Keys_Internal.json'. Restored from 'API_Keys_Internal.json.20260418_153217_646982'. AUTOMATIC ROLLBACK SUCCESSFUL.
[2026-04-18 15:32:28] CRITICAL: DECOY TAMPERING on 'API_Keys_Internal.json'. Restored from 'API_Keys_Internal.json.20260418_153225_537368'. AUTOMATIC ROLLBACK SUCCESSFUL.
[2026-04-18 15:32:30] CRITICAL: DECOY TAMPERING on 'API_Keys_Internal.json'. Restored from 'API_Keys_Internal.json.20260418_153225_537368'. AUTOMATIC ROLLBACK SUCCESSFUL.
[2026-04-18 15:32:33] CRITICAL: DECOY TAMPERING on 'API_Keys_Internal.json'. Restored from 'API_Keys_Internal.json.20260418_153230_832917'. AUTOMATIC ROLLBACK SUCCESSFUL.
[2026-04-18 15:32:35] CRITICAL: DECOY TAMPERING on 'API_Keys_Internal.json'. Restored from 'API_Keys_Internal.json.20260418_153233_430819'. AUTOMATIC ROLLBACK SUCCESSFUL.
[2026-04-18 15:32:38] CRITICAL: DECOY TAMPERING on 'API_Keys_Internal.json'. Restored from 'API_Keys_Internal.json.20260418_153233_430819'. AUTOMATIC ROLLBACK SUCCESSFUL.
[2026-04-18 15:32:41] CRITICAL: DECOY TAMPERING on 'API_Keys_Internal.json'. Restored from 'API_Keys_Internal.json.20260418_153238_807421'. AUTOMATIC ROLLBACK SUCCESSFUL.
[2026-04-18 15:32:43] CRITICAL: DECOY TAMPERING on 'Client_Records.csv'. Restored from 'Client_Records.csv.20260418_153220_242542'. AUTOMATIC ROLLBACK SUCCESSFUL.
[2026-04-18 15:32:46] CRITICAL: DECOY TAMPERING on 'Client_Records.csv'. Restored from 'Client_Records.csv.20260418_153244_103411'. AUTOMATIC ROLLBACK SUCCESSFUL.
[2026-04-18 15:32:49] CRITICAL: DECOY TAMPERING on 'API_Keys_Internal.json'. Restored from 'API_Keys_Internal.json.20260418_153246_694961'. AUTOMATIC ROLLBACK SUCCESSFUL.
[2026-04-18 15:32:51] CRITICAL: DECOY TAMPERING on 'Client_Records.csv'. Restored from 'Client_Records.csv.20260418_153244_103411'. AUTOMATIC ROLLBACK SUCCESSFUL.
[2026-04-18 15:32:54] CRITICAL: DECOY TAMPERING on 'Client_Records.csv'. Restored from 'Client_Records.csv.20260418_153252_035805'. AUTOMATIC ROLLBACK SUCCESSFUL.
[2026-04-18 15:32:57] CRITICAL: DECOY TAMPERING on 'API_Keys_Internal.json'. Restored from 'API_Keys_Internal.json.20260418_153246_694961'. AUTOMATIC ROLLBACK SUCCESSFUL.
[2026-04-18 15:32:59] CRITICAL: DECOY TAMPERING on 'API_Keys_Internal.json'. Restored from 'API_Keys_Internal.json.20260418_153257_357904'. AUTOMATIC ROLLBACK SUCCESSFUL.
[2026-04-18 15:33:02] CRITICAL: DECOY TAMPERING on 'Production_Users.db'. Restored from 'Production_Users.db.20260418_153047_808151'. AUTOMATIC ROLLBACK SUCCESSFUL.
[2026-04-18 15:33:05] CRITICAL: DECOY TAMPERING on 'Production_Users.db'. Restored from 'Production_Users.db.20260418_153302_677154'. AUTOMATIC ROLLBACK SUCCESSFUL.
[2026-04-18 15:33:07] CRITICAL: DECOY TAMPERING on 'API_Keys_Internal.json'. Restored from 'API_Keys_Internal.json.20260418_153305_256812'. AUTOMATIC ROLLBACK SUCCESSFUL.
[2026-04-18 15:33:10] CRITICAL: DECOY TAMPERING on 'Production_Users.db'. Restored from 'Production_Users.db.20260418_153302_677154'. AUTOMATIC ROLLBACK SUCCESSFUL.
[2026-04-18 15:33:13] CRITICAL: DECOY TAMPERING on 'Production_Users.db'. Restored from 'Production_Users.db.20260418_153310_635947'. AUTOMATIC ROLLBACK SUCCESSFUL.
[2026-04-18 15:33:15] CRITICAL: DECOY TAMPERING on 'Client_Records.csv'. Restored from 'Client_Records.csv.20260418_153252_035805'. AUTOMATIC ROLLBACK SUCCESSFUL.
[2026-04-18 15:33:18] CRITICAL: DECOY TAMPERING on 'Client_Records.csv'. Restored from 'Client_Records.csv.20260418_153315_953473'. AUTOMATIC ROLLBACK SUCCESSFUL.
[2026-04-18 15:33:21] CRITICAL: DECOY TAMPERING on 'Production_Users.db'. Restored from 'Production_Users.db.20260418_153318_545495'. AUTOMATIC ROLLBACK SUCCESSFUL.
[2026-04-18 15:33:23] CRITICAL: DECOY TAMPERING on 'Production_Users.db'. Restored from 'Production_Users.db.20260418_153318_545495'. AUTOMATIC ROLLBACK SUCCESSFUL.
[2026-04-18 15:33:26] CRITICAL: DECOY TAMPERING on 'Production_Users.db'. Restored from 'Production_Users.db.20260418_153323_876968'. AUTOMATIC ROLLBACK SUCCESSFUL.
[2026-04-18 15:33:28] CRITICAL: DECOY TAMPERING on 'Client_Records.csv'. Restored from 'Client_Records.csv.20260418_153326_469188'. AUTOMATIC ROLLBACK SUCCESSFUL.
[2026-04-18 15:33:31] CRITICAL: DECOY TAMPERING on 'Production_Users.db'. Restored from 'Production_Users.db.20260418_153323_876968'. AUTOMATIC ROLLBACK SUCCESSFUL.
[2026-04-18 15:33:34] CRITICAL: DECOY TAMPERING on 'Production_Users.db'. Restored from 'Production_Users.db.20260418_153331_859995'. AUTOMATIC ROLLBACK SUCCESSFUL.
[2026-04-18 15:33:37] CRITICAL: DECOY TAMPERING on 'Production_Users.db'. Restored from 'Production_Users.db.20260418_153331_859995'. AUTOMATIC ROLLBACK SUCCESSFUL.
[2026-04-18 15:33:39] CRITICAL: DECOY TAMPERING on 'Production_Users.db'. Restored from 'Production_Users.db.20260418_153337_170752'. AUTOMATIC ROLLBACK SUCCESSFUL.
[2026-04-18 15:33:42] CRITICAL: DECOY TAMPERING on 'Production_Users.db'. Restored from 'Production_Users.db.20260418_153337_170752'. AUTOMATIC ROLLBACK SUCCESSFUL.
[2026-04-18 15:33:45] CRITICAL: DECOY TAMPERING on 'Production_Users.db'. Restored from 'Production_Users.db.20260418_153342_509148'. AUTOMATIC ROLLBACK SUCCESSFUL.
[2026-04-18 15:33:47] CRITICAL: DECOY TAMPERING on 'Production_Users.db'. Restored from 'Production_Users.db.20260418_153342_509148'. AUTOMATIC ROLLBACK SUCCESSFUL.
[2026-04-18 15:33:50] CRITICAL: DECOY TAMPERING on 'Production_Users.db'. Restored from 'Production_Users.db.20260418_153347_855626'. AUTOMATIC ROLLBACK SUCCESSFUL.
[2026-04-18 15:33:52] CRITICAL: DECOY TAMPERING on 'Production_Users.db'. Restored from 'Production_Users.db.20260418_153350_469692'. AUTOMATIC ROLLBACK SUCCESSFUL.
[2026-04-18 15:33:55] CRITICAL: DECOY TAMPERING on 'Production_Users.db'. Restored from 'Production_Users.db.20260418_153350_469692'. AUTOMATIC ROLLBACK SUCCESSFUL.
[2026-04-18 15:33:58] CRITICAL: DECOY TAMPERING on 'Production_Users.db'. Restored from 'Production_Users.db.20260418_153355_869648'. AUTOMATIC ROLLBACK SUCCESSFUL.
[2026-04-18 15:34:01] CRITICAL: DECOY TAMPERING on 'Production_Users.db'. Restored from 'Production_Users.db.20260418_153355_869648'. AUTOMATIC ROLLBACK SUCCESSFUL.
[2026-04-18 15:34:03] CRITICAL: DECOY TAMPERING on 'Production_Users.db'. Restored from 'Production_Users.db.20260418_153401_277415'. AUTOMATIC ROLLBACK SUCCESSFUL.
[2026-04-18 15:34:06] CRITICAL: DECOY TAMPERING on 'Production_Users.db'. Restored from 'Production_Users.db.20260418_153403_917331'. AUTOMATIC ROLLBACK SUCCESSFUL.
[2026-04-18 15:34:09] CRITICAL: DECOY TAMPERING on 'Production_Users.db'. Restored from 'Production_Users.db.20260418_153403_917331'. AUTOMATIC ROLLBACK SUCCESSFUL.
[2026-04-18 15:34:11] CRITICAL: DECOY TAMPERING on 'Production_Users.db'. Restored from 'Production_Users.db.20260418_153409_295783'. AUTOMATIC ROLLBACK SUCCESSFUL.
[2026-04-18 15:34:14] CRITICAL: DECOY TAMPERING on 'Production_Users.db'. Restored from 'Production_Users.db.20260418_153409_295783'. AUTOMATIC ROLLBACK SUCCESSFUL.
[2026-04-18 15:34:17] CRITICAL: DECOY TAMPERING on 'Production_Users.db'. Restored from 'Production_Users.db.20260418_153414_650844'. AUTOMATIC ROLLBACK SUCCESSFUL.
[2026-04-18 15:34:19] CRITICAL: DECOY TAMPERING on 'Production_Users.db'. Restored from 'Production_Users.db.20260418_153417_250687'. AUTOMATIC ROLLBACK SUCCESSFUL.
[2026-04-18 15:34:22] CRITICAL: DECOY TAMPERING on 'API_Keys_Internal.json'. Restored from 'API_Keys_Internal.json.20260418_153305_256812'. AUTOMATIC ROLLBACK SUCCESSFUL.
[2026-04-18 15:34:25] CRITICAL: DECOY TAMPERING on 'API_Keys_Internal.json'. Restored from 'API_Keys_Internal.json.20260418_153422_592127'. AUTOMATIC ROLLBACK SUCCESSFUL.
[2026-04-18 15:34:27] CRITICAL: DECOY TAMPERING on 'API_Keys_Internal.json'. Restored from 'API_Keys_Internal.json.20260418_153422_592127'. AUTOMATIC ROLLBACK SUCCESSFUL.
[2026-04-18 15:34:30] CRITICAL: DECOY TAMPERING on 'API_Keys_Internal.json'. Restored from 'API_Keys_Internal.json.20260418_153427_993302'. AUTOMATIC ROLLBACK SUCCESSFUL.
[2026-04-18 15:34:33] CRITICAL: DECOY TAMPERING on 'Production_Users.db'. Restored from 'Production_Users.db.20260418_153417_250687'. AUTOMATIC ROLLBACK SUCCESSFUL.
[2026-04-18 15:34:35] CRITICAL: DECOY TAMPERING on 'Production_Users.db'. Restored from 'Production_Users.db.20260418_153433_319552'. AUTOMATIC ROLLBACK SUCCESSFUL.
[2026-04-18 15:34:38] CRITICAL: DECOY TAMPERING on 'API_Keys_Internal.json'. Restored from 'API_Keys_Internal.json.20260418_153435_922905'. AUTOMATIC ROLLBACK SUCCESSFUL.
[2026-04-18 15:34:41] CRITICAL: DECOY TAMPERING on 'Production_Users.db'. Restored from 'Production_Users.db.20260418_153438_530921'. AUTOMATIC ROLLBACK SUCCESSFUL.
[2026-04-18 15:34:43] CRITICAL: DECOY TAMPERING on 'Production_Users.db'. Restored from 'Production_Users.db.20260418_153438_530921'. AUTOMATIC ROLLBACK SUCCESSFUL.
[2026-04-18 15:34:46] CRITICAL: DECOY TAMPERING on 'Production_Users.db'. Restored from 'Production_Users.db.20260418_153443_918811'. AUTOMATIC ROLLBACK SUCCESSFUL.
[2026-04-18 15:34:49] CRITICAL: DECOY TAMPERING on 'Production_Users.db'. Restored from 'Production_Users.db.20260418_153443_918811'. AUTOMATIC ROLLBACK SUCCESSFUL.
[2026-04-18 15:34:51] CRITICAL: DECOY TAMPERING on 'Production_Users.db'. Restored from 'Production_Users.db.20260418_153449_274919'. AUTOMATIC ROLLBACK SUCCESSFUL.
[2026-04-18 15:34:54] CRITICAL: DECOY TAMPERING on 'Production_Users.db'. Restored from 'Production_Users.db.20260418_153451_891085'. AUTOMATIC ROLLBACK SUCCESSFUL.
[2026-04-18 15:34:57] CRITICAL: DECOY TAMPERING on 'Production_Users.db'. Restored from 'Production_Users.db.20260418_153451_891085'. AUTOMATIC ROLLBACK SUCCESSFUL.
[2026-04-18 15:34:59] CRITICAL: DECOY TAMPERING on 'Production_Users.db'. Restored from 'Production_Users.db.20260418_153457_340388'. AUTOMATIC ROLLBACK SUCCESSFUL.
[2026-04-18 15:35:02] CRITICAL: DECOY TAMPERING on 'API_Keys_Internal.json'. Restored from 'API_Keys_Internal.json.20260418_153435_922905'. AUTOMATIC ROLLBACK SUCCESSFUL.
[2026-04-18 15:35:05] CRITICAL: DECOY TAMPERING on 'API_Keys_Internal.json'. Restored from 'API_Keys_Internal.json.20260418_153502_679239'. AUTOMATIC ROLLBACK SUCCESSFUL.
[2026-04-18 15:35:07] CRITICAL: DECOY TAMPERING on 'Production_Users.db'. Restored from 'Production_Users.db.20260418_153505_275985'. AUTOMATIC ROLLBACK SUCCESSFUL.
[2026-04-18 15:35:10] CRITICAL: DECOY TAMPERING on 'Production_Users.db'. Restored from 'Production_Users.db.20260418_153505_275985'. AUTOMATIC ROLLBACK SUCCESSFUL.
[2026-04-18 15:35:13] CRITICAL: DECOY TAMPERING on 'Production_Users.db'. Restored from 'Production_Users.db.20260418_153510_636530'. AUTOMATIC ROLLBACK SUCCESSFUL.
[2026-04-18 15:35:15] CRITICAL: DECOY TAMPERING on 'API_Keys_Internal.json'. Restored from 'API_Keys_Internal.json.20260418_153513_235256'. AUTOMATIC ROLLBACK SUCCESSFUL.
[2026-04-18 15:35:18] CRITICAL: DECOY TAMPERING on 'Production_Users.db'. Restored from 'Production_Users.db.20260418_153515_831145'. AUTOMATIC ROLLBACK SUCCESSFUL.
[2026-04-18 15:35:21] CRITICAL: DECOY TAMPERING on 'Production_Users.db'. Restored from 'Production_Users.db.20260418_153515_831145'. AUTOMATIC ROLLBACK SUCCESSFUL.
[2026-04-18 15:35:23] CRITICAL: DECOY TAMPERING on 'Production_Users.db'. Restored from 'Production_Users.db.20260418_153521_228924'. AUTOMATIC ROLLBACK SUCCESSFUL.
[2026-04-18 15:35:26] CRITICAL: DECOY TAMPERING on 'Production_Users.db'. Restored from 'Production_Users.db.20260418_153521_228924'. AUTOMATIC ROLLBACK SUCCESSFUL.
[2026-04-18 15:35:29] CRITICAL: DECOY TAMPERING on 'Production_Users.db'. Restored from 'Production_Users.db.20260418_153526_564599'. AUTOMATIC ROLLBACK SUCCESSFUL.
[2026-04-18 15:35:31] CRITICAL: DECOY TAMPERING on 'Production_Users.db'. Restored from 'Production_Users.db.20260418_153529_167409'. AUTOMATIC ROLLBACK SUCCESSFUL.
[2026-04-18 15:35:34] CRITICAL: DECOY TAMPERING on 'Production_Users.db'. Restored from 'Production_Users.db.20260418_153529_167409'. AUTOMATIC ROLLBACK SUCCESSFUL.
[2026-04-18 15:35:37] CRITICAL: DECOY TAMPERING on 'Production_Users.db'. Restored from 'Production_Users.db.20260418_153534_523213'. AUTOMATIC ROLLBACK SUCCESSFUL.
[2026-04-18 15:35:39] CRITICAL: DECOY TAMPERING on 'Production_Users.db'. Restored from 'Production_Users.db.20260418_153534_523213'. AUTOMATIC ROLLBACK SUCCESSFUL.
[2026-04-18 15:35:42] CRITICAL: DECOY TAMPERING on 'Production_Users.db'. Restored from 'Production_Users.db.20260418_153539_915779'. AUTOMATIC ROLLBACK SUCCESSFUL.
[2026-04-18 15:35:45] CRITICAL: DECOY TAMPERING on 'Production_Users.db'. Restored from 'Production_Users.db.20260418_153539_915779'. AUTOMATIC ROLLBACK SUCCESSFUL.
[2026-04-18 15:35:47] CRITICAL: DECOY TAMPERING on 'Production_Users.db'. Restored from 'Production_Users.db.20260418_153545_248654'. AUTOMATIC ROLLBACK SUCCESSFUL.
[2026-04-18 15:35:50] CRITICAL: DECOY TAMPERING on 'Production_Users.db'. Restored from 'Production_Users.db.20260418_153547_852431'. AUTOMATIC ROLLBACK SUCCESSFUL.
[2026-04-18 15:35:53] CRITICAL: DECOY TAMPERING on 'Production_Users.db'. Restored from 'Production_Users.db.20260418_153547_852431'. AUTOMATIC ROLLBACK SUCCESSFUL.
[2026-04-18 15:35:55] CRITICAL: DECOY TAMPERING on 'Production_Users.db'. Restored from 'Production_Users.db.20260418_153553_252009'. AUTOMATIC ROLLBACK SUCCESSFUL.
[2026-04-18 15:35:58] CRITICAL: DECOY TAMPERING on 'Production_Users.db'. Restored from 'Production_Users.db.20260418_153555_858030'. AUTOMATIC ROLLBACK SUCCESSFUL.
[2026-04-18 15:36:01] CRITICAL: DECOY TAMPERING on 'Production_Users.db'. Restored from 'Production_Users.db.20260418_153555_858030'. AUTOMATIC ROLLBACK SUCCESSFUL.
[2026-04-18 15:36:03] CRITICAL: DECOY TAMPERING on 'Production_Users.db'. Restored from 'Production_Users.db.20260418_153601_277444'. AUTOMATIC ROLLBACK SUCCESSFUL.
[2026-04-18 15:36:06] CRITICAL: DECOY TAMPERING on 'Production_Users.db'. Restored from 'Production_Users.db.20260418_153601_277444'. AUTOMATIC ROLLBACK SUCCESSFUL.
[2026-04-18 15:36:09] CRITICAL: DECOY TAMPERING on 'Production_Users.db'. Restored from 'Production_Users.db.20260418_153606_614770'. AUTOMATIC ROLLBACK SUCCESSFUL.
[2026-04-18 15:36:11] CRITICAL: DECOY TAMPERING on 'Production_Users.db'. Restored from 'Production_Users.db.20260418_153609_221842'. AUTOMATIC ROLLBACK SUCCESSFUL.
[2026-04-18 15:36:14] CRITICAL: DECOY TAMPERING on 'Production_Users.db'. Restored from 'Production_Users.db.20260418_153609_221842'. AUTOMATIC ROLLBACK SUCCESSFUL.
[2026-04-18 15:36:17] CRITICAL: DECOY TAMPERING on 'Production_Users.db'. Restored from 'Production_Users.db.20260418_153614_662712'. AUTOMATIC ROLLBACK SUCCESSFUL.
[2026-04-18 15:36:19] CRITICAL: DECOY TAMPERING on 'Production_Users.db'. Restored from 'Production_Users.db.20260418_153614_662712'. AUTOMATIC ROLLBACK SUCCESSFUL.
[2026-04-18 15:36:22] CRITICAL: DECOY TAMPERING on 'Production_Users.db'. Restored from 'Production_Users.db.20260418_153620_018371'. AUTOMATIC ROLLBACK SUCCESSFUL.
[2026-04-18 15:36:25] CRITICAL: DECOY TAMPERING on 'Production_Users.db'. Restored from 'Production_Users.db.20260418_153622_649718'. AUTOMATIC ROLLBACK SUCCESSFUL.
[2026-04-18 15:36:27] CRITICAL: DECOY TAMPERING on 'Production_Users.db'. Restored from 'Production_Users.db.20260418_153622_649718'. AUTOMATIC ROLLBACK SUCCESSFUL.
[2026-04-18 15:36:30] CRITICAL: DECOY TAMPERING on 'Production_Users.db'. Restored from 'Production_Users.db.20260418_153628_049453'. AUTOMATIC ROLLBACK SUCCESSFUL.
[2026-04-18 15:36:33] CRITICAL: DECOY TAMPERING on 'Production_Users.db'. Restored from 'Production_Users.db.20260418_153628_049453'. AUTOMATIC ROLLBACK SUCCESSFUL.
[2026-04-18 15:36:35] CRITICAL: DECOY TAMPERING on 'Production_Users.db'. Restored from 'Production_Users.db.20260418_153633_400879'. AUTOMATIC ROLLBACK SUCCESSFUL.
[2026-04-18 15:36:38] CRITICAL: DECOY TAMPERING on 'Production_Users.db'. Restored from 'Production_Users.db.20260418_153636_003024'. AUTOMATIC ROLLBACK SUCCESSFUL.
[2026-04-18 15:36:41] CRITICAL: DECOY TAMPERING on 'Production_Users.db'. Restored from 'Production_Users.db.20260418_153636_003024'. AUTOMATIC ROLLBACK SUCCESSFUL.
[2026-04-18 15:36:43] CRITICAL: DECOY TAMPERING on 'Production_Users.db'. Restored from 'Production_Users.db.20260418_153641_317467'. AUTOMATIC ROLLBACK SUCCESSFUL.
[2026-04-18 15:36:46] CRITICAL: DECOY TAMPERING on 'Production_Users.db'. Restored from 'Production_Users.db.20260418_153641_317467'. AUTOMATIC ROLLBACK SUCCESSFUL.
[2026-04-18 15:36:49] CRITICAL: DECOY TAMPERING on 'Production_Users.db'. Restored from 'Production_Users.db.20260418_153646_701771'. AUTOMATIC ROLLBACK SUCCESSFUL.
[2026-04-18 15:36:51] CRITICAL: DECOY TAMPERING on 'Production_Users.db'. Restored from 'Production_Users.db.20260418_153646_701771'. AUTOMATIC ROLLBACK SUCCESSFUL.
[2026-04-18 15:36:54] CRITICAL: DECOY TAMPERING on 'Production_Users.db'. Restored from 'Production_Users.db.20260418_153652_068279'. AUTOMATIC ROLLBACK SUCCESSFUL.
[2026-04-18 15:36:57] CRITICAL: DECOY TAMPERING on 'Production_Users.db'. Restored from 'Production_Users.db.20260418_153654_680190'. AUTOMATIC ROLLBACK SUCCESSFUL.
[2026-04-18 15:36:59] CRITICAL: DECOY TAMPERING on 'Production_Users.db'. Restored from 'Production_Users.db.20260418_153654_680190'. AUTOMATIC ROLLBACK SUCCESSFUL.
[2026-04-18 15:37:02] CRITICAL: DECOY TAMPERING on 'Production_Users.db'. Restored from 'Production_Users.db.20260418_153700_071036'. AUTOMATIC ROLLBACK SUCCESSFUL.
[2026-04-18 15:37:05] CRITICAL: DECOY TAMPERING on 'Production_Users.db'. Restored from 'Production_Users.db.20260418_153700_071036'. AUTOMATIC ROLLBACK SUCCESSFUL.
[2026-04-18 15:37:07] CRITICAL: DECOY TAMPERING on 'Production_Users.db'. Restored from 'Production_Users.db.20260418_153705_468503'. AUTOMATIC ROLLBACK SUCCESSFUL.
[2026-04-18 15:37:10] CRITICAL: DECOY TAMPERING on 'Production_Users.db'. Restored from 'Production_Users.db.20260418_153708_085025'. AUTOMATIC ROLLBACK SUCCESSFUL.
[2026-04-18 15:37:13] CRITICAL: DECOY TAMPERING on 'Production_Users.db'. Restored from 'Production_Users.db.20260418_153708_085025'. AUTOMATIC ROLLBACK SUCCESSFUL.
[2026-04-18 15:37:16] CRITICAL: DECOY TAMPERING on 'Production_Users.db'. Restored from 'Production_Users.db.20260418_153713_526421'. AUTOMATIC ROLLBACK SUCCESSFUL.
[2026-04-18 15:37:18] CRITICAL: DECOY TAMPERING on 'Production_Users.db'. Restored from 'Production_Users.db.20260418_153713_526421'. AUTOMATIC ROLLBACK SUCCESSFUL.
[2026-04-18 15:37:21] CRITICAL: DECOY TAMPERING on 'Production_Users.db'. Restored from 'Production_Users.db.20260418_153718_866680'. AUTOMATIC ROLLBACK SUCCESSFUL.
[2026-04-18 15:37:24] CRITICAL: DECOY TAMPERING on 'Production_Users.db'. Restored from 'Production_Users.db.20260418_153721_476677'. AUTOMATIC ROLLBACK SUCCESSFUL.
[2026-04-18 15:37:26] CRITICAL: DECOY TAMPERING on 'Production_Users.db'. Restored from 'Production_Users.db.20260418_153721_476677'. AUTOMATIC ROLLBACK SUCCESSFUL.
[2026-04-18 15:37:29] CRITICAL: DECOY TAMPERING on 'Production_Users.db'. Restored from 'Production_Users.db.20260418_153726_853046'. AUTOMATIC ROLLBACK SUCCESSFUL.
[2026-04-18 15:37:32] CRITICAL: DECOY TAMPERING on 'Production_Users.db'. Restored from 'Production_Users.db.20260418_153726_853046'. AUTOMATIC ROLLBACK SUCCESSFUL.
[2026-04-18 15:37:34] CRITICAL: DECOY TAMPERING on 'Production_Users.db'. Restored from 'Production_Users.db.20260418_153732_263410'. AUTOMATIC ROLLBACK SUCCESSFUL.
[2026-04-18 15:37:37] CRITICAL: DECOY TAMPERING on 'Production_Users.db'. Restored from 'Production_Users.db.20260418_153732_263410'. AUTOMATIC ROLLBACK SUCCESSFUL.
[2026-04-18 15:37:40] CRITICAL: DECOY TAMPERING on 'Production_Users.db'. Restored from 'Production_Users.db.20260418_153737_616145'. AUTOMATIC ROLLBACK SUCCESSFUL.
[2026-04-18 15:37:42] CRITICAL: DECOY TAMPERING on 'Production_Users.db'. Restored from 'Production_Users.db.20260418_153740_203796'. AUTOMATIC ROLLBACK SUCCESSFUL.
[2026-04-18 15:37:45] CRITICAL: DECOY TAMPERING on 'Production_Users.db'. Restored from 'Production_Users.db.20260418_153740_203796'. AUTOMATIC ROLLBACK SUCCESSFUL.
[2026-04-18 15:37:48] CRITICAL: DECOY TAMPERING on 'Production_Users.db'. Restored from 'Production_Users.db.20260418_153745_554622'. AUTOMATIC ROLLBACK SUCCESSFUL.
[2026-04-18 15:37:50] CRITICAL: DECOY TAMPERING on 'Production_Users.db'. Restored from 'Production_Users.db.20260418_153745_554622'. AUTOMATIC ROLLBACK SUCCESSFUL.
[2026-04-18 15:37:53] CRITICAL: DECOY TAMPERING on 'Production_Users.db'. Restored from 'Production_Users.db.20260418_153750_946020'. AUTOMATIC ROLLBACK SUCCESSFUL.
[2026-04-18 15:37:56] CRITICAL: DECOY TAMPERING on 'Production_Users.db'. Restored from 'Production_Users.db.20260418_153750_946020'. AUTOMATIC ROLLBACK SUCCESSFUL.
[2026-04-18 15:37:58] CRITICAL: DECOY TAMPERING on 'Production_Users.db'. Restored from 'Production_Users.db.20260418_153756_292575'. AUTOMATIC ROLLBACK SUCCESSFUL.
[2026-04-18 15:38:01] CRITICAL: DECOY TAMPERING on 'Production_Users.db'. Restored from 'Production_Users.db.20260418_153756_292575'. AUTOMATIC ROLLBACK SUCCESSFUL.
[2026-04-18 15:38:04] CRITICAL: DECOY TAMPERING on 'Production_Users.db'. Restored from 'Production_Users.db.20260418_153801_724563'. AUTOMATIC ROLLBACK SUCCESSFUL.
[2026-04-18 15:38:06] CRITICAL: DECOY TAMPERING on 'Production_Users.db'. Restored from 'Production_Users.db.20260418_153804_352970'. AUTOMATIC ROLLBACK SUCCESSFUL.
[2026-04-18 15:38:09] CRITICAL: DECOY TAMPERING on 'Production_Users.db'. Restored from 'Production_Users.db.20260418_153804_352970'. AUTOMATIC ROLLBACK SUCCESSFUL.
[2026-04-18 15:38:12] CRITICAL: DECOY TAMPERING on 'Production_Users.db'. Restored from 'Production_Users.db.20260418_153809_754003'. AUTOMATIC ROLLBACK SUCCESSFUL.
[2026-04-18 15:38:14] CRITICAL: DECOY TAMPERING on 'Production_Users.db'. Restored from 'Production_Users.db.20260418_153809_754003'. AUTOMATIC ROLLBACK SUCCESSFUL.
[2026-04-18 15:38:17] CRITICAL: DECOY TAMPERING on 'Production_Users.db'. Restored from 'Production_Users.db.20260418_153815_067223'. AUTOMATIC ROLLBACK SUCCESSFUL.
[2026-04-18 15:38:20] CRITICAL: DECOY TAMPERING on 'Production_Users.db'. Restored from 'Production_Users.db.20260418_153817_659002'. AUTOMATIC ROLLBACK SUCCESSFUL.
[2026-04-18 15:38:22] CRITICAL: DECOY TAMPERING on 'Production_Users.db'. Restored from 'Production_Users.db.20260418_153817_659002'. AUTOMATIC ROLLBACK SUCCESSFUL.
[2026-04-18 15:38:25] CRITICAL: DECOY TAMPERING on 'Production_Users.db'. Restored from 'Production_Users.db.20260418_153823_046564'. AUTOMATIC ROLLBACK SUCCESSFUL.
[2026-04-18 15:38:28] CRITICAL: DECOY TAMPERING on 'Production_Users.db'. Restored from 'Production_Users.db.20260418_153823_046564'. AUTOMATIC ROLLBACK SUCCESSFUL.
[2026-04-18 15:38:30] CRITICAL: DECOY TAMPERING on 'Production_Users.db'. Restored from 'Production_Users.db.20260418_153828_376392'. AUTOMATIC ROLLBACK SUCCESSFUL.
[2026-04-18 15:38:33] CRITICAL: DECOY TAMPERING on 'Production_Users.db'. Restored from 'Production_Users.db.20260418_153830_965722'. AUTOMATIC ROLLBACK SUCCESSFUL.
[2026-04-18 15:38:36] CRITICAL: DECOY TAMPERING on 'Production_Users.db'. Restored from 'Production_Users.db.20260418_153830_965722'. AUTOMATIC ROLLBACK SUCCESSFUL.
[2026-04-18 15:38:38] CRITICAL: DECOY TAMPERING on 'Production_Users.db'. Restored from 'Production_Users.db.20260418_153836_343531'. AUTOMATIC ROLLBACK SUCCESSFUL.
[2026-04-18 15:38:41] CRITICAL: DECOY TAMPERING on 'Production_Users.db'. Restored from 'Production_Users.db.20260418_153836_343531'. AUTOMATIC ROLLBACK SUCCESSFUL.
[2026-04-18 15:38:44] CRITICAL: DECOY TAMPERING on 'Production_Users.db'. Restored from 'Production_Users.db.20260418_153841_673576'. AUTOMATIC ROLLBACK SUCCESSFUL.
[2026-04-18 15:38:46] CRITICAL: DECOY TAMPERING on 'Production_Users.db'. Restored from 'Production_Users.db.20260418_153844_272652'. AUTOMATIC ROLLBACK SUCCESSFUL.
[2026-04-18 15:38:49] CRITICAL: DECOY TAMPERING on 'Production_Users.db'. Restored from 'Production_Users.db.20260418_153844_272652'. AUTOMATIC ROLLBACK SUCCESSFUL.
[2026-04-18 15:38:52] CRITICAL: DECOY TAMPERING on 'Production_Users.db'. Restored from 'Production_Users.db.20260418_153849_617409'. AUTOMATIC ROLLBACK SUCCESSFUL.
[2026-04-18 15:38:54] CRITICAL: DECOY TAMPERING on 'Production_Users.db'. Restored from 'Production_Users.db.20260418_153852_204861'. AUTOMATIC ROLLBACK SUCCESSFUL.
[2026-04-18 15:38:57] CRITICAL: DECOY TAMPERING on 'Production_Users.db'. Restored from 'Production_Users.db.20260418_153852_204861'. AUTOMATIC ROLLBACK SUCCESSFUL.
[2026-04-18 15:39:00] CRITICAL: DECOY TAMPERING on 'Production_Users.db'. Restored from 'Production_Users.db.20260418_153857_590519'. AUTOMATIC ROLLBACK SUCCESSFUL.
[2026-04-18 15:39:02] CRITICAL: DECOY TAMPERING on 'Production_Users.db'. Restored from 'Production_Users.db.20260418_153857_590519'. AUTOMATIC ROLLBACK SUCCESSFUL.
[2026-04-18 15:39:05] CRITICAL: DECOY TAMPERING on 'Production_Users.db'. Restored from 'Production_Users.db.20260418_153902_921145'. AUTOMATIC ROLLBACK SUCCESSFUL.
[2026-04-18 15:39:08] CRITICAL: DECOY TAMPERING on 'Production_Users.db'. Restored from 'Production_Users.db.20260418_153905_525715'. AUTOMATIC ROLLBACK SUCCESSFUL.
[2026-04-18 15:39:10] CRITICAL: DECOY TAMPERING on 'Production_Users.db'. Restored from 'Production_Users.db.20260418_153905_525715'. AUTOMATIC ROLLBACK SUCCESSFUL.
[2026-04-18 15:39:13] CRITICAL: DECOY TAMPERING on 'Production_Users.db'. Restored from 'Production_Users.db.20260418_153910_909485'. AUTOMATIC ROLLBACK SUCCESSFUL.
[2026-04-18 15:39:16] CRITICAL: DECOY TAMPERING on 'Production_Users.db'. Restored from 'Production_Users.db.20260418_153910_909485'. AUTOMATIC ROLLBACK SUCCESSFUL.
[2026-04-18 15:39:18] CRITICAL: DECOY TAMPERING on 'Production_Users.db'. Restored from 'Production_Users.db.20260418_153916_229542'. AUTOMATIC ROLLBACK SUCCESSFUL.
[2026-04-18 15:39:21] CRITICAL: DECOY TAMPERING on 'Production_Users.db'. Restored from 'Production_Users.db.20260418_153916_229542'. AUTOMATIC ROLLBACK SUCCESSFUL.
[2026-04-18 15:39:24] CRITICAL: DECOY TAMPERING on 'Production_Users.db'. Restored from 'Production_Users.db.20260418_153921_536462'. AUTOMATIC ROLLBACK SUCCESSFUL.
[2026-04-18 15:39:26] CRITICAL: DECOY TAMPERING on 'Production_Users.db'. Restored from 'Production_Users.db.20260418_153921_536462'. AUTOMATIC ROLLBACK SUCCESSFUL.
[2026-04-18 15:39:29] CRITICAL: DECOY TAMPERING on 'Production_Users.db'. Restored from 'Production_Users.db.20260418_153926_878374'. AUTOMATIC ROLLBACK SUCCESSFUL.
[2026-04-18 15:39:32] CRITICAL: DECOY TAMPERING on 'Production_Users.db'. Restored from 'Production_Users.db.20260418_153926_878374'. AUTOMATIC ROLLBACK SUCCESSFUL.
[2026-04-18 15:39:34] CRITICAL: DECOY TAMPERING on 'Production_Users.db'. Restored from 'Production_Users.db.20260418_153932_197767'. AUTOMATIC ROLLBACK SUCCESSFUL.
[2026-04-18 15:39:37] CRITICAL: DECOY TAMPERING on 'Production_Users.db'. Restored from 'Production_Users.db.20260418_153934_828939'. AUTOMATIC ROLLBACK SUCCESSFUL.
[2026-04-18 15:39:40] CRITICAL: DECOY TAMPERING on 'Production_Users.db'. Restored from 'Production_Users.db.20260418_153934_828939'. AUTOMATIC ROLLBACK SUCCESSFUL.
[2026-04-18 15:39:42] CRITICAL: DECOY TAMPERING on 'Production_Users.db'. Restored from 'Production_Users.db.20260418_153940_274883'. AUTOMATIC ROLLBACK SUCCESSFUL.
[2026-04-18 15:39:45] CRITICAL: DECOY TAMPERING on 'Production_Users.db'. Restored from 'Production_Users.db.20260418_153940_274883'. AUTOMATIC ROLLBACK SUCCESSFUL.
[2026-04-18 15:39:48] CRITICAL: DECOY TAMPERING on 'Production_Users.db'. Restored from 'Production_Users.db.20260418_153945_626183'. AUTOMATIC ROLLBACK SUCCESSFUL.
[2026-04-18 15:39:50] CRITICAL: DECOY TAMPERING on 'Production_Users.db'. Restored from 'Production_Users.db.20260418_153948_232071'. AUTOMATIC ROLLBACK SUCCESSFUL.
[2026-04-18 15:39:53] CRITICAL: DECOY TAMPERING on 'Production_Users.db'. Restored from 'Production_Users.db.20260418_153948_232071'. AUTOMATIC ROLLBACK SUCCESSFUL.
[2026-04-18 15:39:56] CRITICAL: DECOY TAMPERING on 'Production_Users.db'. Restored from 'Production_Users.db.20260418_153953_578268'. AUTOMATIC ROLLBACK SUCCESSFUL.
[2026-04-18 15:39:58] CRITICAL: DECOY TAMPERING on 'Production_Users.db'. Restored from 'Production_Users.db.20260418_153956_174204'. AUTOMATIC ROLLBACK SUCCESSFUL.
[2026-04-18 15:40:01] CRITICAL: DECOY TAMPERING on 'Production_Users.db'. Restored from 'Production_Users.db.20260418_153956_174204'. AUTOMATIC ROLLBACK SUCCESSFUL.
[2026-04-18 15:40:04] CRITICAL: DECOY TAMPERING on 'Production_Users.db'. Restored from 'Production_Users.db.20260418_154001_594389'. AUTOMATIC ROLLBACK SUCCESSFUL.
[2026-04-18 15:40:06] CRITICAL: DECOY TAMPERING on 'Production_Users.db'. Restored from 'Production_Users.db.20260418_154001_594389'. AUTOMATIC ROLLBACK SUCCESSFUL.
[2026-04-18 15:40:09] CRITICAL: DECOY TAMPERING on 'Production_Users.db'. Restored from 'Production_Users.db.20260418_154006_956346'. AUTOMATIC ROLLBACK SUCCESSFUL.
[2026-04-18 15:40:12] CRITICAL: DECOY TAMPERING on 'Production_Users.db'. Restored from 'Production_Users.db.20260418_154009_549098'. AUTOMATIC ROLLBACK SUCCESSFUL.
[2026-04-18 15:40:14] CRITICAL: DECOY TAMPERING on 'Production_Users.db'. Restored from 'Production_Users.db.20260418_154009_549098'. AUTOMATIC ROLLBACK SUCCESSFUL.
[2026-04-18 15:40:17] CRITICAL: DECOY TAMPERING on 'Production_Users.db'. Restored from 'Production_Users.db.20260418_154014_931550'. AUTOMATIC ROLLBACK SUCCESSFUL.
[2026-04-18 15:40:20] CRITICAL: DECOY TAMPERING on 'Production_Users.db'. Restored from 'Production_Users.db.20260418_154014_931550'. AUTOMATIC ROLLBACK SUCCESSFUL.
[2026-04-18 15:40:22] CRITICAL: DECOY TAMPERING on 'Production_Users.db'. Restored from 'Production_Users.db.20260418_154020_286493'. AUTOMATIC ROLLBACK SUCCESSFUL.
[2026-04-18 15:40:25] CRITICAL: DECOY TAMPERING on 'Production_Users.db'. Restored from 'Production_Users.db.20260418_154022_896256'. AUTOMATIC ROLLBACK SUCCESSFUL.
[2026-04-18 15:40:28] CRITICAL: DECOY TAMPERING on 'CEO_Contract.docx'. Restored from 'CEO_Contract.docx.20260418_151234_421409'. AUTOMATIC ROLLBACK SUCCESSFUL.
[2026-04-18 15:40:30] CRITICAL: DECOY TAMPERING on 'CEO_Contract.docx'. Restored from 'CEO_Contract.docx.20260418_154028_249475'. AUTOMATIC ROLLBACK SUCCESSFUL.
[2026-04-18 15:40:33] CRITICAL: DECOY TAMPERING on 'CEO_Contract.docx'. Restored from 'CEO_Contract.docx.20260418_154030_851831'. AUTOMATIC ROLLBACK SUCCESSFUL.
[2026-04-18 15:40:36] CRITICAL: DECOY TAMPERING on 'CEO_Contract.docx'. Restored from 'CEO_Contract.docx.20260418_154030_851831'. AUTOMATIC ROLLBACK SUCCESSFUL.
[2026-04-18 15:40:38] CRITICAL: DECOY TAMPERING on 'CEO_Contract.docx'. Restored from 'CEO_Contract.docx.20260418_154036_236284'. AUTOMATIC ROLLBACK SUCCESSFUL.
[2026-04-18 15:40:41] CRITICAL: DECOY TAMPERING on 'CEO_Contract.docx'. Restored from 'CEO_Contract.docx.20260418_154036_236284'. AUTOMATIC ROLLBACK SUCCESSFUL.
[2026-04-18 15:40:44] CRITICAL: DECOY TAMPERING on 'CEO_Contract.docx'. Restored from 'CEO_Contract.docx.20260418_154041_724255'. AUTOMATIC ROLLBACK SUCCESSFUL.
[2026-04-18 15:40:46] CRITICAL: DECOY TAMPERING on 'CEO_Contract.docx'. Restored from 'CEO_Contract.docx.20260418_154041_724255'. AUTOMATIC ROLLBACK SUCCESSFUL.
[2026-04-18 15:40:49] CRITICAL: DECOY TAMPERING on 'CEO_Contract.docx'. Restored from 'CEO_Contract.docx.20260418_154047_080546'. AUTOMATIC ROLLBACK SUCCESSFUL.
[2026-04-18 15:40:52] CRITICAL: DECOY TAMPERING on 'CEO_Contract.docx'. Restored from 'CEO_Contract.docx.20260418_154049_693500'. AUTOMATIC ROLLBACK SUCCESSFUL.
[2026-04-18 15:40:54] CRITICAL: DECOY TAMPERING on 'CEO_Contract.docx'. Restored from 'CEO_Contract.docx.20260418_154049_693500'. AUTOMATIC ROLLBACK SUCCESSFUL.
[2026-04-18 15:40:57] CRITICAL: DECOY TAMPERING on 'CEO_Contract.docx'. Restored from 'CEO_Contract.docx.20260418_154055_038906'. AUTOMATIC ROLLBACK SUCCESSFUL.
[2026-04-18 15:41:00] CRITICAL: DECOY TAMPERING on 'Production_Users.db'. Restored from 'Production_Users.db.20260418_154022_896256'. AUTOMATIC ROLLBACK SUCCESSFUL.
[2026-04-18 15:41:02] CRITICAL: DECOY TAMPERING on 'Production_Users.db'. Restored from 'Production_Users.db.20260418_154100_345446'. AUTOMATIC ROLLBACK SUCCESSFUL.
[2026-04-18 15:41:05] CRITICAL: DECOY TAMPERING on 'CEO_Contract.docx'. Restored from 'CEO_Contract.docx.20260418_154102_962341'. AUTOMATIC ROLLBACK SUCCESSFUL.
[2026-04-18 15:41:08] CRITICAL: DECOY TAMPERING on 'Production_Users.db'. Restored from 'Production_Users.db.20260418_154105_579605'. AUTOMATIC ROLLBACK SUCCESSFUL.
[2026-04-18 15:41:10] CRITICAL: DECOY TAMPERING on 'Production_Users.db'. Restored from 'Production_Users.db.20260418_154105_579605'. AUTOMATIC ROLLBACK SUCCESSFUL.
[2026-04-18 15:41:13] CRITICAL: DECOY TAMPERING on 'Production_Users.db'. Restored from 'Production_Users.db.20260418_154111_100537'. AUTOMATIC ROLLBACK SUCCESSFUL.
[2026-04-18 15:41:16] CRITICAL: DECOY TAMPERING on 'CEO_Contract.docx'. Restored from 'CEO_Contract.docx.20260418_154102_962341'. AUTOMATIC ROLLBACK SUCCESSFUL.
[2026-04-18 15:41:19] CRITICAL: DECOY TAMPERING on 'CEO_Contract.docx'. Restored from 'CEO_Contract.docx.20260418_154116_538647'. AUTOMATIC ROLLBACK SUCCESSFUL.
[2026-04-18 15:41:21] CRITICAL: DECOY TAMPERING on 'Production_Users.db'. Restored from 'Production_Users.db.20260418_154119_127578'. AUTOMATIC ROLLBACK SUCCESSFUL.
[2026-04-18 15:41:24] CRITICAL: DECOY TAMPERING on 'Production_Users.db'. Restored from 'Production_Users.db.20260418_154119_127578'. AUTOMATIC ROLLBACK SUCCESSFUL.
[2026-04-18 15:41:26] CRITICAL: DECOY TAMPERING on 'Production_Users.db'. Restored from 'Production_Users.db.20260418_154124_451577'. AUTOMATIC ROLLBACK SUCCESSFUL.
[2026-04-18 15:41:29] CRITICAL: DECOY TAMPERING on 'CEO_Contract.docx'. Restored from 'CEO_Contract.docx.20260418_154127_052468'. AUTOMATIC ROLLBACK SUCCESSFUL.
[2026-04-18 15:41:32] CRITICAL: DECOY TAMPERING on 'Production_Users.db'. Restored from 'Production_Users.db.20260418_154124_451577'. AUTOMATIC ROLLBACK SUCCESSFUL.
[2026-04-18 15:41:34] CRITICAL: DECOY TAMPERING on 'Production_Users.db'. Restored from 'Production_Users.db.20260418_154132_468690'. AUTOMATIC ROLLBACK SUCCESSFUL.
[2026-04-18 15:41:37] CRITICAL: DECOY TAMPERING on 'Production_Users.db'. Restored from 'Production_Users.db.20260418_154132_468690'. AUTOMATIC ROLLBACK SUCCESSFUL.
[2026-04-18 15:41:40] CRITICAL: DECOY TAMPERING on 'Production_Users.db'. Restored from 'Production_Users.db.20260418_154137_816284'. AUTOMATIC ROLLBACK SUCCESSFUL.
[2026-04-18 15:41:43] CRITICAL: DECOY TAMPERING on 'Production_Users.db'. Restored from 'Production_Users.db.20260418_154137_816284'. AUTOMATIC ROLLBACK SUCCESSFUL.
[2026-04-18 15:41:45] CRITICAL: DECOY TAMPERING on 'Production_Users.db'. Restored from 'Production_Users.db.20260418_154143_178506'. AUTOMATIC ROLLBACK SUCCESSFUL.
[2026-04-18 15:41:48] CRITICAL: DECOY TAMPERING on 'Production_Users.db'. Restored from 'Production_Users.db.20260418_154143_178506'. AUTOMATIC ROLLBACK SUCCESSFUL.
[2026-04-18 15:41:51] CRITICAL: DECOY TAMPERING on 'Production_Users.db'. Restored from 'Production_Users.db.20260418_154148_508811'. AUTOMATIC ROLLBACK SUCCESSFUL.
[2026-04-18 15:41:53] CRITICAL: DECOY TAMPERING on 'Production_Users.db'. Restored from 'Production_Users.db.20260418_154151_090005'. AUTOMATIC ROLLBACK SUCCESSFUL.
[2026-04-18 15:41:56] CRITICAL: DECOY TAMPERING on 'Production_Users.db'. Restored from 'Production_Users.db.20260418_154151_090005'. AUTOMATIC ROLLBACK SUCCESSFUL.
[2026-04-18 15:41:58] CRITICAL: DECOY TAMPERING on 'Production_Users.db'. Restored from 'Production_Users.db.20260418_154156_370955'. AUTOMATIC ROLLBACK SUCCESSFUL.
[2026-04-18 15:42:01] CRITICAL: DECOY TAMPERING on 'Production_Users.db'. Restored from 'Production_Users.db.20260418_154158_966344'. AUTOMATIC ROLLBACK SUCCESSFUL.
[2026-04-18 15:42:04] CRITICAL: DECOY TAMPERING on 'Production_Users.db'. Restored from 'Production_Users.db.20260418_154158_966344'. AUTOMATIC ROLLBACK SUCCESSFUL.
[2026-04-18 15:42:06] CRITICAL: DECOY TAMPERING on 'Production_Users.db'. Restored from 'Production_Users.db.20260418_154204_344692'. AUTOMATIC ROLLBACK SUCCESSFUL.
[2026-04-18 15:42:09] CRITICAL: DECOY TAMPERING on 'CEO_Contract.docx'. Restored from 'CEO_Contract.docx.20260418_154127_052468'. AUTOMATIC ROLLBACK SUCCESSFUL.
[2026-04-18 15:42:12] CRITICAL: DECOY TAMPERING on 'CEO_Contract.docx'. Restored from 'CEO_Contract.docx.20260418_154209_766777'. AUTOMATIC ROLLBACK SUCCESSFUL.
[2026-04-18 15:42:14] CRITICAL: DECOY TAMPERING on 'CEO_Contract.docx'. Restored from 'CEO_Contract.docx.20260418_154212_387905'. AUTOMATIC ROLLBACK SUCCESSFUL.
[2026-04-18 15:42:17] CRITICAL: DECOY TAMPERING on 'Production_Users.db'. Restored from 'Production_Users.db.20260418_154214_963590'. AUTOMATIC ROLLBACK SUCCESSFUL.
[2026-04-18 15:42:20] CRITICAL: DECOY TAMPERING on 'CEO_Contract.docx'. Restored from 'CEO_Contract.docx.20260418_154217_573775'. AUTOMATIC ROLLBACK SUCCESSFUL.
[2026-04-18 15:42:22] CRITICAL: DECOY TAMPERING on 'CEO_Contract.docx'. Restored from 'CEO_Contract.docx.20260418_154217_573775'. AUTOMATIC ROLLBACK SUCCESSFUL.
[2026-04-18 15:42:25] CRITICAL: DECOY TAMPERING on 'CEO_Contract.docx'. Restored from 'CEO_Contract.docx.20260418_154222_979583'. AUTOMATIC ROLLBACK SUCCESSFUL.
[2026-04-18 15:42:28] CRITICAL: DECOY TAMPERING on 'Production_Users.db'. Restored from 'Production_Users.db.20260418_154214_963590'. AUTOMATIC ROLLBACK SUCCESSFUL.
[2026-04-18 15:42:30] CRITICAL: DECOY TAMPERING on 'Production_Users.db'. Restored from 'Production_Users.db.20260418_154228_300377'. AUTOMATIC ROLLBACK SUCCESSFUL.
[2026-04-18 15:42:33] CRITICAL: DECOY TAMPERING on 'CEO_Contract.docx'. Restored from 'CEO_Contract.docx.20260418_154230_889640'. AUTOMATIC ROLLBACK SUCCESSFUL.
[2026-04-18 15:42:36] CRITICAL: DECOY TAMPERING on 'Production_Users.db'. Restored from 'Production_Users.db.20260418_154228_300377'. AUTOMATIC ROLLBACK SUCCESSFUL.
[2026-04-18 15:42:38] CRITICAL: DECOY TAMPERING on 'Production_Users.db'. Restored from 'Production_Users.db.20260418_154236_230073'. AUTOMATIC ROLLBACK SUCCESSFUL.
[2026-04-18 15:42:41] CRITICAL: DECOY TAMPERING on 'Production_Users.db'. Restored from 'Production_Users.db.20260418_154238_818237'. AUTOMATIC ROLLBACK SUCCESSFUL.
[2026-04-18 15:42:44] CRITICAL: DECOY TAMPERING on 'Production_Users.db'. Restored from 'Production_Users.db.20260418_154238_818237'. AUTOMATIC ROLLBACK SUCCESSFUL.
[2026-04-18 15:42:46] CRITICAL: DECOY TAMPERING on 'Production_Users.db'. Restored from 'Production_Users.db.20260418_154244_190004'. AUTOMATIC ROLLBACK SUCCESSFUL.
[2026-04-18 15:42:49] CRITICAL: DECOY TAMPERING on 'CEO_Contract.docx'. Restored from 'CEO_Contract.docx.20260418_154230_889640'. AUTOMATIC ROLLBACK SUCCESSFUL.
[2026-04-18 15:42:52] CRITICAL: DECOY TAMPERING on 'CEO_Contract.docx'. Restored from 'CEO_Contract.docx.20260418_154249_532203'. AUTOMATIC ROLLBACK SUCCESSFUL.
[2026-04-18 15:42:54] CRITICAL: DECOY TAMPERING on 'Production_Users.db'. Restored from 'Production_Users.db.20260418_154252_114487'. AUTOMATIC ROLLBACK SUCCESSFUL.
[2026-04-18 15:42:57] CRITICAL: DECOY TAMPERING on 'Production_Users.db'. Restored from 'Production_Users.db.20260418_154252_114487'. AUTOMATIC ROLLBACK SUCCESSFUL.
[2026-04-18 15:42:59] CRITICAL: DECOY TAMPERING on 'Production_Users.db'. Restored from 'Production_Users.db.20260418_154257_409839'. AUTOMATIC ROLLBACK SUCCESSFUL.
[2026-04-18 15:43:02] CRITICAL: DECOY TAMPERING on 'CEO_Contract.docx'. Restored from 'CEO_Contract.docx.20260418_154259_986550'. AUTOMATIC ROLLBACK SUCCESSFUL.
[2026-04-18 15:43:05] CRITICAL: DECOY TAMPERING on 'Production_Users.db'. Restored from 'Production_Users.db.20260418_154257_409839'. AUTOMATIC ROLLBACK SUCCESSFUL.
[2026-04-18 15:43:07] CRITICAL: DECOY TAMPERING on 'Production_Users.db'. Restored from 'Production_Users.db.20260418_154305_263637'. AUTOMATIC ROLLBACK SUCCESSFUL.
[2026-04-18 15:43:10] CRITICAL: DECOY TAMPERING on 'Production_Users.db'. Restored from 'Production_Users.db.20260418_154305_263637'. AUTOMATIC ROLLBACK SUCCESSFUL.
[2026-04-18 15:43:13] CRITICAL: DECOY TAMPERING on 'Production_Users.db'. Restored from 'Production_Users.db.20260418_154310_610031'. AUTOMATIC ROLLBACK SUCCESSFUL.
[2026-04-18 15:43:15] CRITICAL: DECOY TAMPERING on 'Production_Users.db'. Restored from 'Production_Users.db.20260418_154310_610031'. AUTOMATIC ROLLBACK SUCCESSFUL.
[2026-04-18 15:43:18] CRITICAL: DECOY TAMPERING on 'Production_Users.db'. Restored from 'Production_Users.db.20260418_154315_933747'. AUTOMATIC ROLLBACK SUCCESSFUL.
[2026-04-18 15:43:21] CRITICAL: DECOY TAMPERING on 'Production_Users.db'. Restored from 'Production_Users.db.20260418_154318_555069'. AUTOMATIC ROLLBACK SUCCESSFUL.
[2026-04-18 15:43:23] CRITICAL: DECOY TAMPERING on 'Production_Users.db'. Restored from 'Production_Users.db.20260418_154318_555069'. AUTOMATIC ROLLBACK SUCCESSFUL.
[2026-04-18 15:43:26] CRITICAL: DECOY TAMPERING on 'Production_Users.db'. Restored from 'Production_Users.db.20260418_154323_937219'. AUTOMATIC ROLLBACK SUCCESSFUL.
[2026-04-18 15:43:29] CRITICAL: DECOY TAMPERING on 'Production_Users.db'. Restored from 'Production_Users.db.20260418_154323_937219'. AUTOMATIC ROLLBACK SUCCESSFUL.
[2026-04-18 15:43:31] CRITICAL: DECOY TAMPERING on 'Production_Users.db'. Restored from 'Production_Users.db.20260418_154329_286384'. AUTOMATIC ROLLBACK SUCCESSFUL.
[2026-04-18 15:43:34] CRITICAL: DECOY TAMPERING on 'Production_Users.db'. Restored from 'Production_Users.db.20260418_154331_905277'. AUTOMATIC ROLLBACK SUCCESSFUL.
[2026-04-18 15:43:37] CRITICAL: DECOY TAMPERING on 'Production_Users.db'. Restored from 'Production_Users.db.20260418_154331_905277'. AUTOMATIC ROLLBACK SUCCESSFUL.
[2026-04-18 15:43:39] CRITICAL: DECOY TAMPERING on 'Production_Users.db'. Restored from 'Production_Users.db.20260418_154337_312560'. AUTOMATIC ROLLBACK SUCCESSFUL.
[2026-04-18 15:43:42] CRITICAL: DECOY TAMPERING on 'Production_Users.db'. Restored from 'Production_Users.db.20260418_154337_312560'. AUTOMATIC ROLLBACK SUCCESSFUL.
[2026-04-18 15:43:45] CRITICAL: DECOY TAMPERING on 'Production_Users.db'. Restored from 'Production_Users.db.20260418_154342_710512'. AUTOMATIC ROLLBACK SUCCESSFUL.
[2026-04-18 15:43:47] CRITICAL: DECOY TAMPERING on 'Production_Users.db'. Restored from 'Production_Users.db.20260418_154345_409976'. AUTOMATIC ROLLBACK SUCCESSFUL.
[2026-04-18 15:43:50] CRITICAL: DECOY TAMPERING on 'Production_Users.db'. Restored from 'Production_Users.db.20260418_154345_409976'. AUTOMATIC ROLLBACK SUCCESSFUL.
[2026-04-18 15:43:53] CRITICAL: DECOY TAMPERING on 'Production_Users.db'. Restored from 'Production_Users.db.20260418_154350_632629'. AUTOMATIC ROLLBACK SUCCESSFUL.
[2026-04-18 15:43:55] CRITICAL: DECOY TAMPERING on 'Production_Users.db'. Restored from 'Production_Users.db.20260418_154350_632629'. AUTOMATIC ROLLBACK SUCCESSFUL.
[2026-04-18 15:43:58] CRITICAL: DECOY TAMPERING on 'Production_Users.db'. Restored from 'Production_Users.db.20260418_154355_985901'. AUTOMATIC ROLLBACK SUCCESSFUL.
[2026-04-18 15:44:01] CRITICAL: DECOY TAMPERING on 'Production_Users.db'. Restored from 'Production_Users.db.20260418_154355_985901'. AUTOMATIC ROLLBACK SUCCESSFUL.
[2026-04-18 15:44:03] CRITICAL: DECOY TAMPERING on 'Production_Users.db'. Restored from 'Production_Users.db.20260418_154401_291707'. AUTOMATIC ROLLBACK SUCCESSFUL.
[2026-04-18 15:44:06] CRITICAL: DECOY TAMPERING on 'Production_Users.db'. Restored from 'Production_Users.db.20260418_154403_876801'. AUTOMATIC ROLLBACK SUCCESSFUL.
[2026-04-18 15:44:09] CRITICAL: DECOY TAMPERING on 'Production_Users.db'. Restored from 'Production_Users.db.20260418_154403_876801'. AUTOMATIC ROLLBACK SUCCESSFUL.
[2026-04-18 15:44:11] CRITICAL: DECOY TAMPERING on 'Production_Users.db'. Restored from 'Production_Users.db.20260418_154409_284048'. AUTOMATIC ROLLBACK SUCCESSFUL.
[2026-04-18 15:44:14] CRITICAL: DECOY TAMPERING on 'Production_Users.db'. Restored from 'Production_Users.db.20260418_154409_284048'. AUTOMATIC ROLLBACK SUCCESSFUL.
[2026-04-18 15:44:17] CRITICAL: DECOY TAMPERING on 'Production_Users.db'. Restored from 'Production_Users.db.20260418_154414_607205'. AUTOMATIC ROLLBACK SUCCESSFUL.
[2026-04-18 15:44:19] CRITICAL: DECOY TAMPERING on 'Production_Users.db'. Restored from 'Production_Users.db.20260418_154417_198229'. AUTOMATIC ROLLBACK SUCCESSFUL.
[2026-04-18 15:44:22] CRITICAL: DECOY TAMPERING on 'Production_Users.db'. Restored from 'Production_Users.db.20260418_154417_198229'. AUTOMATIC ROLLBACK SUCCESSFUL.
[2026-04-18 15:44:25] CRITICAL: DECOY TAMPERING on 'Production_Users.db'. Restored from 'Production_Users.db.20260418_154422_499085'. AUTOMATIC ROLLBACK SUCCESSFUL.
[2026-04-18 15:44:27] CRITICAL: DECOY TAMPERING on 'Production_Users.db'. Restored from 'Production_Users.db.20260418_154422_499085'. AUTOMATIC ROLLBACK SUCCESSFUL.
[2026-04-18 15:44:30] CRITICAL: DECOY TAMPERING on 'Production_Users.db'. Restored from 'Production_Users.db.20260418_154427_854926'. AUTOMATIC ROLLBACK SUCCESSFUL.
[2026-04-18 15:44:32] CRITICAL: DECOY TAMPERING on 'Production_Users.db'. Restored from 'Production_Users.db.20260418_154430_439614'. AUTOMATIC ROLLBACK SUCCESSFUL.
[2026-04-18 15:44:35] CRITICAL: DECOY TAMPERING on 'Production_Users.db'. Restored from 'Production_Users.db.20260418_154430_439614'. AUTOMATIC ROLLBACK SUCCESSFUL.
[2026-04-18 15:44:38] CRITICAL: DECOY TAMPERING on 'Production_Users.db'. Restored from 'Production_Users.db.20260418_154435_758290'. AUTOMATIC ROLLBACK SUCCESSFUL.
[2026-04-18 15:44:41] CRITICAL: DECOY TAMPERING on 'Production_Users.db'. Restored from 'Production_Users.db.20260418_154435_758290'. AUTOMATIC ROLLBACK SUCCESSFUL.
[2026-04-18 15:44:43] CRITICAL: DECOY TAMPERING on 'Production_Users.db'. Restored from 'Production_Users.db.20260418_154441_150406'. AUTOMATIC ROLLBACK SUCCESSFUL.
[2026-04-18 15:44:46] CRITICAL: DECOY TAMPERING on 'Production_Users.db'. Restored from 'Production_Users.db.20260418_154441_150406'. AUTOMATIC ROLLBACK SUCCESSFUL.
[2026-04-18 15:44:48] CRITICAL: DECOY TAMPERING on 'Production_Users.db'. Restored from 'Production_Users.db.20260418_154446_441064'. AUTOMATIC ROLLBACK SUCCESSFUL.
[2026-04-18 15:44:51] CRITICAL: DECOY TAMPERING on 'Production_Users.db'. Restored from 'Production_Users.db.20260418_154446_441064'. AUTOMATIC ROLLBACK SUCCESSFUL.
[2026-04-18 15:44:54] CRITICAL: DECOY TAMPERING on 'Production_Users.db'. Restored from 'Production_Users.db.20260418_154451_766003'. AUTOMATIC ROLLBACK SUCCESSFUL.
[2026-04-18 15:44:56] CRITICAL: DECOY TAMPERING on 'Production_Users.db'. Restored from 'Production_Users.db.20260418_154454_357426'. AUTOMATIC ROLLBACK SUCCESSFUL.
[2026-04-18 15:44:59] CRITICAL: DECOY TAMPERING on 'Production_Users.db'. Restored from 'Production_Users.db.20260418_154454_357426'. AUTOMATIC ROLLBACK SUCCESSFUL.
[2026-04-18 15:45:02] CRITICAL: DECOY TAMPERING on 'Production_Users.db'. Restored from 'Production_Users.db.20260418_154459_761683'. AUTOMATIC ROLLBACK SUCCESSFUL.
[2026-04-18 15:45:04] CRITICAL: DECOY TAMPERING on 'Production_Users.db'. Restored from 'Production_Users.db.20260418_154459_761683'. AUTOMATIC ROLLBACK SUCCESSFUL.
[2026-04-18 15:45:07] CRITICAL: DECOY TAMPERING on 'Production_Users.db'. Restored from 'Production_Users.db.20260418_154505_117476'. AUTOMATIC ROLLBACK SUCCESSFUL.
[2026-04-18 15:45:10] CRITICAL: DECOY TAMPERING on 'Production_Users.db'. Restored from 'Production_Users.db.20260418_154507_713333'. AUTOMATIC ROLLBACK SUCCESSFUL.
[2026-04-18 15:45:13] CRITICAL: DECOY TAMPERING on 'Production_Users.db'. Restored from 'Production_Users.db.20260418_154507_713333'. AUTOMATIC ROLLBACK SUCCESSFUL.
[2026-04-18 15:45:15] CRITICAL: DECOY TAMPERING on 'Production_Users.db'. Restored from 'Production_Users.db.20260418_154513_133018'. AUTOMATIC ROLLBACK SUCCESSFUL.
[2026-04-18 15:45:18] CRITICAL: DECOY TAMPERING on 'Production_Users.db'. Restored from 'Production_Users.db.20260418_154513_133018'. AUTOMATIC ROLLBACK SUCCESSFUL.
[2026-04-18 15:45:20] CRITICAL: DECOY TAMPERING on 'Production_Users.db'. Restored from 'Production_Users.db.20260418_154518_482485'. AUTOMATIC ROLLBACK SUCCESSFUL.
[2026-04-18 15:45:23] CRITICAL: DECOY TAMPERING on 'Production_Users.db'. Restored from 'Production_Users.db.20260418_154521_079429'. AUTOMATIC ROLLBACK SUCCESSFUL.
[2026-04-18 15:45:26] CRITICAL: DECOY TAMPERING on 'Production_Users.db'. Restored from 'Production_Users.db.20260418_154521_079429'. AUTOMATIC ROLLBACK SUCCESSFUL.
[2026-04-18 15:45:28] CRITICAL: DECOY TAMPERING on 'Production_Users.db'. Restored from 'Production_Users.db.20260418_154526_432769'. AUTOMATIC ROLLBACK SUCCESSFUL.
[2026-04-18 15:45:31] CRITICAL: DECOY TAMPERING on 'Production_Users.db'. Restored from 'Production_Users.db.20260418_154526_432769'. AUTOMATIC ROLLBACK SUCCESSFUL.
[2026-04-18 15:45:34] CRITICAL: DECOY TAMPERING on 'Production_Users.db'. Restored from 'Production_Users.db.20260418_154531_754203'. AUTOMATIC ROLLBACK SUCCESSFUL.
[2026-04-18 15:45:36] CRITICAL: DECOY TAMPERING on 'Production_Users.db'. Restored from 'Production_Users.db.20260418_154534_450510'. AUTOMATIC ROLLBACK SUCCESSFUL.
[2026-04-18 15:45:39] CRITICAL: DECOY TAMPERING on 'Production_Users.db'. Restored from 'Production_Users.db.20260418_154534_450510'. AUTOMATIC ROLLBACK SUCCESSFUL.
[2026-04-18 15:45:42] CRITICAL: DECOY TAMPERING on 'Production_Users.db'. Restored from 'Production_Users.db.20260418_154539_688893'. AUTOMATIC ROLLBACK SUCCESSFUL.
[2026-04-18 15:45:44] CRITICAL: DECOY TAMPERING on 'Production_Users.db'. Restored from 'Production_Users.db.20260418_154539_688893'. AUTOMATIC ROLLBACK SUCCESSFUL.
[2026-04-18 15:45:47] CRITICAL: DECOY TAMPERING on 'Production_Users.db'. Restored from 'Production_Users.db.20260418_154545_051518'. AUTOMATIC ROLLBACK SUCCESSFUL.
[2026-04-18 15:45:50] CRITICAL: DECOY TAMPERING on 'Production_Users.db'. Restored from 'Production_Users.db.20260418_154547_741510'. AUTOMATIC ROLLBACK SUCCESSFUL.
[2026-04-18 15:45:52] CRITICAL: DECOY TAMPERING on 'Production_Users.db'. Restored from 'Production_Users.db.20260418_154547_741510'. AUTOMATIC ROLLBACK SUCCESSFUL.
[2026-04-18 15:45:55] CRITICAL: DECOY TAMPERING on 'Production_Users.db'. Restored from 'Production_Users.db.20260418_154552_965777'. AUTOMATIC ROLLBACK SUCCESSFUL.
[2026-04-18 15:45:58] CRITICAL: DECOY TAMPERING on 'Production_Users.db'. Restored from 'Production_Users.db.20260418_154552_965777'. AUTOMATIC ROLLBACK SUCCESSFUL.
[2026-04-18 15:46:00] CRITICAL: DECOY TAMPERING on 'Production_Users.db'. Restored from 'Production_Users.db.20260418_154558_304937'. AUTOMATIC ROLLBACK SUCCESSFUL.
[2026-04-18 15:46:03] CRITICAL: DECOY TAMPERING on 'Production_Users.db'. Restored from 'Production_Users.db.20260418_154558_304937'. AUTOMATIC ROLLBACK SUCCESSFUL.
[2026-04-18 15:46:06] CRITICAL: DECOY TAMPERING on 'Production_Users.db'. Restored from 'Production_Users.db.20260418_154603_633494'. AUTOMATIC ROLLBACK SUCCESSFUL.
[2026-04-18 15:46:08] CRITICAL: DECOY TAMPERING on 'Production_Users.db'. Restored from 'Production_Users.db.20260418_154606_226299'. AUTOMATIC ROLLBACK SUCCESSFUL.
[2026-04-18 15:46:11] CRITICAL: DECOY TAMPERING on 'Production_Users.db'. Restored from 'Production_Users.db.20260418_154606_226299'. AUTOMATIC ROLLBACK SUCCESSFUL.
[2026-04-18 15:46:14] CRITICAL: DECOY TAMPERING on 'Production_Users.db'. Restored from 'Production_Users.db.20260418_154611_544679'. AUTOMATIC ROLLBACK SUCCESSFUL.
[2026-04-18 15:46:16] CRITICAL: DECOY TAMPERING on 'Production_Users.db'. Restored from 'Production_Users.db.20260418_154614_135677'. AUTOMATIC ROLLBACK SUCCESSFUL.
[2026-04-18 15:46:19] CRITICAL: DECOY TAMPERING on 'Production_Users.db'. Restored from 'Production_Users.db.20260418_154614_135677'. AUTOMATIC ROLLBACK SUCCESSFUL.
[2026-04-18 15:46:22] CRITICAL: DECOY TAMPERING on 'Production_Users.db'. Restored from 'Production_Users.db.20260418_154619_515161'. AUTOMATIC ROLLBACK SUCCESSFUL.
[2026-04-18 15:46:24] CRITICAL: DECOY TAMPERING on 'Production_Users.db'. Restored from 'Production_Users.db.20260418_154619_515161'. AUTOMATIC ROLLBACK SUCCESSFUL.
[2026-04-18 15:46:27] CRITICAL: DECOY TAMPERING on 'Production_Users.db'. Restored from 'Production_Users.db.20260418_154624_847147'. AUTOMATIC ROLLBACK SUCCESSFUL.
[2026-04-18 15:46:29] CRITICAL: DECOY TAMPERING on 'Production_Users.db'. Restored from 'Production_Users.db.20260418_154627_439123'. AUTOMATIC ROLLBACK SUCCESSFUL.
[2026-04-18 15:46:32] CRITICAL: DECOY TAMPERING on 'Production_Users.db'. Restored from 'Production_Users.db.20260418_154627_439123'. AUTOMATIC ROLLBACK SUCCESSFUL.
[2026-04-18 15:46:35] CRITICAL: DECOY TAMPERING on 'Production_Users.db'. Restored from 'Production_Users.db.20260418_154632_786079'. AUTOMATIC ROLLBACK SUCCESSFUL.
[2026-04-18 15:46:37] CRITICAL: DECOY TAMPERING on 'Production_Users.db'. Restored from 'Production_Users.db.20260418_154632_786079'. AUTOMATIC ROLLBACK SUCCESSFUL.
